2025-11-09 07:03:11 [rank 0] starting dataloader creation
2025-11-09 07:03:11 [rank 0] dataloaders ready
2025-11-09 07:03:11 [rank 0] dataset stats -> train_samples=851, val_samples=18, train_steps_per_epoch=426, val_steps=18
2025-11-09 07:03:11 [rank 0] train dataset length=851
2025-11-09 07:03:15 [rank 0] train[0]: domain=0, fg_frac=0.910, unique_labels=[-1, 1, 8, 9, 11, 13, 15, 16, 17, 18, 19, 21]..., texture_stats=mean=1.3667, std=4.5866, min=-8.5097, max=10.0000
2025-11-09 07:03:16 [rank 0] train[1]: domain=0, fg_frac=0.990, unique_labels=[-1, 0, 1, 2, 3, 8, 9, 11, 13, 18, 19, 21]..., texture_stats=mean=1.3442, std=4.7558, min=-9.7258, max=10.0000
2025-11-09 07:03:18 [rank 0] train[2]: domain=0, fg_frac=0.606, unique_labels=[-1, 10, 20, 22, 28, 30, 32, 33, 34, 35, 36, 37]..., texture_stats=mean=1.1347, std=4.8878, min=-8.1937, max=10.0000
2025-11-09 07:03:19 [rank 0] train[3]: domain=0, fg_frac=0.294, unique_labels=[-1, 9, 9, 19, 19, 20, 30, 30, 30, 30, 31, 31]..., texture_stats=mean=1.1817, std=4.9264, min=-8.4646, max=10.0000
2025-11-09 07:03:19 [rank 0] train foreground fraction stats -> mean=0.700, min=0.294, max=0.990
2025-11-09 07:03:19 [rank 0] train domain counts (first 4 samples) -> {0: 4}
2025-11-09 07:03:19 [rank 0] train union of labels across inspected samples: [-1, 0, 1, 2, 3, 8, 9, 10, 11, 13, 15, 16, 17, 18, 19, 20, 21, 22, 23, 24]...
2025-11-09 07:03:19 [rank 0] val dataset length=18
2025-11-09 07:03:21 [rank 0] val[0]: domain=1, fg_frac=0.780, unique_labels=[-1, 0, 1, 2, 3, 4, 5, 6, 7, 8, 9, 10]..., texture_stats=mean=1.2037, std=3.4528, min=-3.6254, max=10.0000
2025-11-09 07:03:22 [rank 0] val[1]: domain=1, fg_frac=0.752, unique_labels=[-1, 0, 1, 2, 3, 4, 5, 6, 7, 8, 9, 10]..., texture_stats=mean=1.1999, std=3.4036, min=-3.4090, max=10.0000
2025-11-09 07:03:22 [rank 0] val foreground fraction stats -> mean=0.766, min=0.752, max=0.780
2025-11-09 07:03:22 [rank 0] val domain counts (first 2 samples) -> {1: 2}
2025-11-09 07:03:22 [rank 0] val union of labels across inspected samples: [-1, 0, 1, 2, 3, 4, 5, 6, 7, 8, 9, 10, 11, 12, 13, 14, 15, 16, 17, 18]...
2025-11-09 07:03:23 [rank 0] texture feature dimension inferred
2025-11-09 07:03:23 [rank 0] model constructed and moved to device
2025-11-09 07:03:24 [rank 0] segmenter parameter summary before loading weights -> params=62190873, rms=1.5857e-02, max=1.0000e+00
2025-11-09 07:03:24 [rank 0] optimizer and scheduler ready
2025-11-09 07:03:27 [rank 0] segmenter parameter summary after loading weights -> params=62190873, rms=2.2317e-02, max=1.5882e+00
2025-11-09 07:03:27 [rank 0] entered training loop
2025-11-09 07:03:27 [rank 0] before can_start_epoch decision
2025-11-09 07:03:27 [rank 0] after can_start_epoch decision -> True
2025-11-09 07:03:27 [rank 0] starting train_epoch
2025-11-09 07:04:12 [rank 0] step 0050: total=1.8566, seg=1.8566, domain=0.6917, align=0.0000, stats_align=0.0000, dom_acc=0.500, fg_frac=0.270, label_range=[-1,83], unique_labels=[-1, 9, 16, 17, 19, 20, 21, 22, 25, 27, 30, 32]..., domain_counts=d0=2, grad_norm=2.285e+01, seg_grad=2.285e+01, tex_grad=0.000e+00, stats_grad=0.000e+00, enc_grad=0.000e+00, dom_grad=0.000e+00, pred_conf=0.667±0.257, pred_entropy=1.154, prob_range=[0.000,1.000], fg_match=0.442, top_preds=[(82, 514634), (84, 260511), (83, 205808), (78, 122898), (46, 120168)], dom_logits={'mean': 0.10160064697265625, 'std': 0.0953538790345192, 'max': 0.2318115234375, 'min': -0.034820556640625, 'margin': 0.0566936731338501}
2025-11-09 07:04:21 [rank 0] step 0100: total=1.6142, seg=1.6142, domain=0.6653, align=0.0000, stats_align=0.0000, dom_acc=1.000, fg_frac=0.427, label_range=[-1,86], unique_labels=[-1, 0, 1, 2, 3, 4, 5, 6, 7, 8, 9, 10]..., domain_counts=d0=0, d1=2, grad_norm=8.041e+00, seg_grad=8.041e+00, tex_grad=0.000e+00, stats_grad=0.000e+00, enc_grad=0.000e+00, dom_grad=0.000e+00, pred_conf=0.581±0.303, pred_entropy=1.559, prob_range=[0.000,1.000], fg_match=0.416, top_preds=[(82, 470287), (83, 196569), (84, 169007), (78, 56941), (70, 52086)], dom_logits={'mean': 0.021976828575134277, 'std': 0.04653408005833626, 'max': 0.10003662109375, 'min': -0.0223236083984375, 'margin': 0.02845369279384613}
2025-11-09 07:04:31 [rank 0] step 0150: total=1.1829, seg=1.1829, domain=0.6511, align=0.0000, stats_align=0.0000, dom_acc=1.000, fg_frac=0.197, label_range=[-1,83], unique_labels=[-1, 33, 34, 35, 36, 37, 38, 76, 77, 78, 79, 80]..., domain_counts=d0=2, grad_norm=1.051e+01, seg_grad=1.051e+01, tex_grad=0.000e+00, stats_grad=0.000e+00, enc_grad=0.000e+00, dom_grad=0.000e+00, pred_conf=0.588±0.278, pred_entropy=1.473, prob_range=[0.000,1.000], fg_match=0.528, top_preds=[(82, 516708), (84, 233836), (83, 156204), (22, 154910), (46, 104072)], dom_logits={'mean': 0.1531982421875, 'std': 0.0833253487944603, 'max': 0.2529296875, 'min': 0.0267333984375, 'margin': 0.04293462634086609}
2025-11-09 07:04:41 [rank 0] step 0200: total=1.8543, seg=1.8543, domain=0.6265, align=0.0000, stats_align=0.0000, dom_acc=1.000, fg_frac=0.403, label_range=[-1,85], unique_labels=[-1, 1, 2, 3, 4, 5, 6, 7, 8, 9, 10, 11]..., domain_counts=d0=1, d1=1, grad_norm=9.195e+00, seg_grad=9.195e+00, tex_grad=0.000e+00, stats_grad=0.000e+00, enc_grad=0.000e+00, dom_grad=0.000e+00, pred_conf=0.607±0.281, pred_entropy=1.451, prob_range=[0.000,1.000], fg_match=0.358, top_preds=[(82, 388109), (83, 214869), (84, 157566), (79, 67388), (16, 66714)], dom_logits={'mean': 0.05969047546386719, 'std': 0.06958278268575668, 'max': 0.1419677734375, 'min': -0.0130767822265625, 'margin': 0.06876976788043976}
2025-11-09 07:04:51 [rank 0] step 0250: total=0.7254, seg=0.7254, domain=0.6558, align=0.0000, stats_align=0.0000, dom_acc=1.000, fg_frac=0.514, label_range=[-1,83], unique_labels=[-1, 6, 8, 9, 13, 14, 15, 16, 17, 18, 19, 20]..., domain_counts=d0=2, grad_norm=2.613e+00, seg_grad=2.613e+00, tex_grad=0.000e+00, stats_grad=0.000e+00, enc_grad=0.000e+00, dom_grad=0.000e+00, pred_conf=0.720±0.231, pred_entropy=1.034, prob_range=[0.000,1.000], fg_match=0.889, top_preds=[(82, 387669), (83, 263146), (84, 179865), (79, 123837), (17, 110457)], dom_logits={'mean': 0.1126251220703125, 'std': 0.05102253332734108, 'max': 0.192138671875, 'min': 0.05023193359375, 'margin': 0.0379885733127594}
2025-11-09 07:05:01 [rank 0] step 0300: total=0.7904, seg=0.7904, domain=0.6685, align=0.0000, stats_align=0.0000, dom_acc=1.000, fg_frac=0.355, label_range=[-1,86], unique_labels=[-1, 11, 19, 31, 32, 33, 34, 35, 36, 37, 39, 40]..., domain_counts=d0=2, grad_norm=7.016e+00, seg_grad=7.016e+00, tex_grad=0.000e+00, stats_grad=0.000e+00, enc_grad=0.000e+00, dom_grad=0.000e+00, pred_conf=0.664±0.270, pred_entropy=1.221, prob_range=[0.000,1.000], fg_match=0.777, top_preds=[(82, 508820), (84, 230388), (78, 226173), (83, 207693), (35, 157250)], dom_logits={'mean': 0.187957763671875, 'std': 0.03592865169048309, 'max': 0.2418212890625, 'min': 0.140625, 'margin': 0.02552163600921631}
2025-11-09 07:05:10 [rank 0] step 0350: total=1.7380, seg=1.7380, domain=0.7095, align=0.0000, stats_align=0.0000, dom_acc=0.500, fg_frac=0.550, label_range=[-1,86], unique_labels=[-1, 0, 1, 2, 3, 4, 5, 6, 7, 8, 9, 10]..., domain_counts=d0=2, grad_norm=4.314e+00, seg_grad=4.314e+00, tex_grad=0.000e+00, stats_grad=0.000e+00, enc_grad=0.000e+00, dom_grad=0.000e+00, pred_conf=0.682±0.279, pred_entropy=1.124, prob_range=[0.000,1.000], fg_match=0.569, top_preds=[(82, 420664), (83, 187250), (84, 163878), (78, 130011), (79, 106950)], dom_logits={'mean': 0.05169963836669922, 'std': 0.05466809868812561, 'max': 0.1412353515625, 'min': -0.007129669189453125, 'margin': 0.037888139486312866}
2025-11-09 07:05:20 [rank 0] step 0400: total=0.8856, seg=0.8856, domain=0.6960, align=0.0000, stats_align=0.0000, dom_acc=0.500, fg_frac=0.374, label_range=[-1,86], unique_labels=[-1, 0, 1, 2, 3, 4, 5, 6, 8, 9, 10, 12]..., domain_counts=d0=1, d1=1, grad_norm=5.897e+00, seg_grad=5.897e+00, tex_grad=0.000e+00, stats_grad=0.000e+00, enc_grad=0.000e+00, dom_grad=0.000e+00, pred_conf=0.650±0.265, pred_entropy=1.239, prob_range=[0.000,1.000], fg_match=0.707, top_preds=[(82, 513027), (83, 333818), (84, 148636), (79, 135172), (36, 91202)], dom_logits={'mean': -0.00553131103515625, 'std': 0.06696911156177521, 'max': 0.073486328125, 'min': -0.078857421875, 'margin': 0.010016962885856628}
2025-11-09 07:05:26 [rank 0] finished train_epoch
2025-11-09 07:05:26 [rank 0] epoch 1 train summary -> total=1.2140, seg=1.2140, domain=0.6734, align=0.0000, stats=0.0000, dom_acc=0.641, batches=426
2025-11-09 07:05:26 [rank 0] epoch 1 parameter stats -> seg_rms=2.2327e-02 (Δ9.21e-06), domain_rms=1.0046e-01 (Δ0.00e+00), texproj_rms=6.2314e-02 (Δ0.00e+00), statsproj_rms=1.2761e-01 (Δ0.00e+00), encoder_rms=3.2163e-02 (Δ0.00e+00)
2025-11-09 07:05:26 [rank 0] checking should_stop
2025-11-09 07:05:26 [rank 0] should_stop -> False
2025-11-09 07:05:26 [rank 0] before can_run_validation decision
2025-11-09 07:05:26 [rank 0] after can_run_validation -> True
2025-11-09 07:05:26 [rank 0] starting validation on main rank
2025-11-09 07:05:28 [rank 0] val-step 001: loss=0.8834, fg_frac=0.780, label_range=[-1,86], unique_labels=[-1, 0, 1, 2, 3, 4, 5, 6, 7, 8, 9, 10]..., pred_conf=0.698±0.238, pred_entropy=1.061, prob_range=[0.000,1.000], fg_match=0.640, top_preds=[(82, 158045), (83, 120413), (79, 74236), (36, 48034), (84, 38991)]
2025-11-09 07:05:29 [rank 0] val-step 002: loss=0.9032, fg_frac=0.752, label_range=[-1,86], unique_labels=[-1, 0, 1, 2, 3, 4, 5, 6, 7, 8, 9, 10]..., pred_conf=0.684±0.241, pred_entropy=1.073, prob_range=[0.000,1.000], fg_match=0.636, top_preds=[(82, 149859), (83, 127507), (79, 79433), (84, 44236), (36, 38049)]
2025-11-09 07:05:29 [rank 0] finished validation on main rank
2025-11-09 07:05:29 [rank 0] epoch 1 val summary -> loss=1.0443, dice=0.0214, duration=3.53s
2025-11-09 07:05:29 [rank 0] scheduler stepped
2025-11-09 07:05:29 [rank 0] epoch 1 lr=4.999692e-05, remaining=107.97 min (avg train=2.37, avg val=0.07)
2025-11-09 07:05:31 [rank 0] metrics logged and best model check complete
2025-11-09 07:05:31 [rank 0] epoch loop completed
2025-11-09 07:05:31 [rank 0] before can_start_epoch decision
2025-11-09 07:05:31 [rank 0] after can_start_epoch decision -> True
2025-11-09 07:05:31 [rank 0] starting train_epoch
2025-11-09 07:05:53 [rank 0] step 0050: total=1.2003, seg=1.1449, domain=0.7894, align=0.0002, stats_align=0.0034, dom_acc=0.500, fg_frac=0.373, label_range=[-1,84], unique_labels=[-1, 4, 6, 10, 11, 12, 20, 21, 22, 29, 31, 32]..., domain_counts=d0=1, d1=1, grad_norm=1.177e+01, seg_grad=1.177e+01, tex_grad=1.077e-02, stats_grad=2.203e-03, enc_grad=2.465e-04, dom_grad=1.649e-01, pred_conf=0.601±0.267, pred_entropy=1.501, prob_range=[0.000,1.000], fg_match=0.489, top_preds=[(82, 421446), (83, 359461), (80, 171417), (37, 157808), (84, 128220)], dom_logits={'mean': 0.047393798828125, 'std': 0.2993272542953491, 'max': 0.353515625, 'min': -0.336181640625, 'margin': 0.2833257019519806}
2025-11-09 07:06:03 [rank 0] step 0100: total=0.7142, seg=0.6437, domain=1.0076, align=0.0000, stats_align=0.0000, dom_acc=0.000, fg_frac=0.451, label_range=[-1,86], unique_labels=[-1, 0, 1, 2, 3, 4, 5, 7, 8, 9, 10, 11]..., domain_counts=d0=2, grad_norm=5.488e+00, seg_grad=5.475e+00, tex_grad=1.843e-02, stats_grad=2.904e-03, enc_grad=3.647e-04, dom_grad=3.821e-01, pred_conf=0.677±0.278, pred_entropy=1.161, prob_range=[0.000,1.000], fg_match=0.821, top_preds=[(82, 397791), (83, 231827), (84, 139380), (46, 75748), (35, 74650)], dom_logits={'mean': 0.02178955078125, 'std': 0.31536436080932617, 'max': 0.5146484375, 'min': -0.28564453125, 'margin': 0.26481378078460693}
2025-11-09 07:06:13 [rank 0] step 0150: total=1.2696, seg=1.2200, domain=0.7078, align=0.0000, stats_align=0.0000, dom_acc=0.500, fg_frac=0.515, label_range=[-1,86], unique_labels=[-1, 0, 1, 2, 3, 4, 5, 7, 8, 9, 11, 13]..., domain_counts=d0=0, d1=2, grad_norm=4.036e+00, seg_grad=4.025e+00, tex_grad=1.514e-02, stats_grad=2.235e-03, enc_grad=3.531e-04, dom_grad=2.924e-01, pred_conf=0.657±0.272, pred_entropy=1.288, prob_range=[0.000,1.000], fg_match=0.433, top_preds=[(82, 404101), (83, 327653), (84, 138512), (38, 61132), (81, 53592)], dom_logits={'mean': -0.10137557983398438, 'std': 0.07668492197990417, 'max': -0.0074310302734375, 'min': -0.2210693359375, 'margin': 0.055540427565574646}
2025-11-09 07:06:22 [rank 0] step 0200: total=0.9077, seg=0.8584, domain=0.7036, align=0.0000, stats_align=0.0004, dom_acc=0.500, fg_frac=0.420, label_range=[-1,84], unique_labels=[-1, 16, 17, 21, 22, 23, 24, 25, 26, 27, 28, 29]..., domain_counts=d0=1, d1=1, grad_norm=2.958e+00, seg_grad=2.957e+00, tex_grad=5.918e-03, stats_grad=9.000e-04, enc_grad=1.121e-04, dom_grad=7.770e-02, pred_conf=0.645±0.260, pred_entropy=1.326, prob_range=[0.000,1.000], fg_match=0.782, top_preds=[(82, 444785), (83, 350173), (84, 226707), (21, 86521), (17, 66590)], dom_logits={'mean': -0.208892822265625, 'std': 0.04502619057893753, 'max': -0.13720703125, 'min': -0.26123046875, 'margin': 0.03334023058414459}
2025-11-09 07:06:32 [rank 0] step 0250: total=1.1513, seg=1.1030, domain=0.6907, align=0.0000, stats_align=0.0000, dom_acc=0.500, fg_frac=0.423, label_range=[-1,86], unique_labels=[-1, 0, 1, 2, 3, 4, 5, 6, 8, 9, 10, 12]..., domain_counts=d0=2, grad_norm=1.084e+01, seg_grad=1.083e+01, tex_grad=1.573e-02, stats_grad=2.563e-03, enc_grad=2.531e-04, dom_grad=2.797e-01, pred_conf=0.647±0.262, pred_entropy=1.239, prob_range=[0.000,1.000], fg_match=0.598, top_preds=[(82, 449515), (83, 276016), (84, 157799), (16, 86950), (22, 80045)], dom_logits={'mean': -0.1566162109375, 'std': 0.10080955922603607, 'max': -0.04925537109375, 'min': -0.265380859375, 'margin': 0.10018204152584076}
2025-11-09 07:06:42 [rank 0] step 0300: total=0.8295, seg=0.7713, domain=0.8306, align=0.0000, stats_align=0.0000, dom_acc=0.000, fg_frac=0.788, label_range=[-1,86], unique_labels=[-1, 0, 1, 2, 3, 4, 5, 6, 8, 9, 10, 12]..., domain_counts=d0=2, grad_norm=5.153e+00, seg_grad=5.142e+00, tex_grad=2.200e-02, stats_grad=3.945e-03, enc_grad=4.525e-04, dom_grad=3.392e-01, pred_conf=0.792±0.213, pred_entropy=0.680, prob_range=[0.000,1.000], fg_match=0.662, top_preds=[(82, 253787), (83, 190283), (79, 167299), (84, 100691), (36, 97406)], dom_logits={'mean': -0.139373779296875, 'std': 0.1580718606710434, 'max': 0.09271240234375, 'min': -0.34619140625, 'margin': 0.12832686305046082}
2025-11-09 07:06:52 [rank 0] step 0350: total=0.6773, seg=0.5964, domain=1.1553, align=0.0000, stats_align=0.0000, dom_acc=0.000, fg_frac=0.267, label_range=[-1,84], unique_labels=[-1, 0, 1, 2, 3, 4, 5, 6, 7, 8, 9, 11]..., domain_counts=d0=2, grad_norm=5.971e+00, seg_grad=5.955e+00, tex_grad=2.572e-02, stats_grad=3.995e-03, enc_grad=4.934e-04, dom_grad=4.334e-01, pred_conf=0.641±0.307, pred_entropy=1.389, prob_range=[0.000,1.000], fg_match=0.917, top_preds=[(82, 435104), (83, 361991), (84, 199351), (46, 139611), (22, 66692)], dom_logits={'mean': -0.0933837890625, 'std': 0.39086759090423584, 'max': 0.33154296875, 'min': -0.52978515625, 'margin': 0.3700988292694092}
2025-11-09 07:07:02 [rank 0] step 0400: total=0.8466, seg=0.7912, domain=0.7904, align=0.0001, stats_align=0.0037, dom_acc=0.500, fg_frac=0.474, label_range=[-1,86], unique_labels=[-1, 0, 1, 2, 3, 4, 5, 6, 7, 8, 9, 10]..., domain_counts=d0=1, d1=1, grad_norm=8.597e+00, seg_grad=8.595e+00, tex_grad=9.272e-03, stats_grad=1.096e-03, enc_grad=1.200e-04, dom_grad=2.010e-01, pred_conf=0.680±0.251, pred_entropy=1.140, prob_range=[0.000,1.000], fg_match=0.716, top_preds=[(83, 367701), (82, 351341), (84, 170249), (78, 150736), (46, 107832)], dom_logits={'mean': 0.21539306640625, 'std': 0.6072651743888855, 'max': 0.91796875, 'min': -0.43798828125, 'margin': 0.5362609624862671}
2025-11-09 07:07:07 [rank 0] finished train_epoch
2025-11-09 07:07:07 [rank 0] epoch 2 train summary -> total=1.0355, seg=0.9730, domain=0.8934, align=0.0000, stats=0.0010, dom_acc=0.325, batches=426
2025-11-09 07:07:07 [rank 0] epoch 2 parameter stats -> seg_rms=2.2337e-02 (Δ1.09e-05), domain_rms=9.9874e-02 (Δ-5.90e-04), texproj_rms=6.2716e-02 (Δ4.02e-04), statsproj_rms=1.2789e-01 (Δ2.75e-04), encoder_rms=3.2365e-02 (Δ2.01e-04)
2025-11-09 07:07:07 [rank 0] checking should_stop
2025-11-09 07:07:07 [rank 0] should_stop -> False
2025-11-09 07:07:07 [rank 0] before can_run_validation decision
2025-11-09 07:07:07 [rank 0] after can_run_validation -> True
2025-11-09 07:07:07 [rank 0] starting validation on main rank
2025-11-09 07:07:09 [rank 0] val-step 001: loss=0.6837, fg_frac=0.780, label_range=[-1,86], unique_labels=[-1, 0, 1, 2, 3, 4, 5, 6, 7, 8, 9, 10]..., pred_conf=0.692±0.224, pred_entropy=1.124, prob_range=[0.000,1.000], fg_match=0.785, top_preds=[(82, 144599), (83, 128381), (79, 48909), (78, 45089), (36, 45056)]
2025-11-09 07:07:09 [rank 0] val-step 002: loss=0.6743, fg_frac=0.752, label_range=[-1,86], unique_labels=[-1, 0, 1, 2, 3, 4, 5, 6, 7, 8, 9, 10]..., pred_conf=0.702±0.226, pred_entropy=1.072, prob_range=[0.000,1.000], fg_match=0.770, top_preds=[(83, 143704), (82, 142707), (79, 57118), (78, 46547), (36, 42183)]
2025-11-09 07:07:09 [rank 0] finished validation on main rank
2025-11-09 07:07:09 [rank 0] epoch 2 val summary -> loss=0.8179, dice=0.0300, duration=2.75s
2025-11-09 07:07:09 [rank 0] scheduler stepped
2025-11-09 07:07:09 [rank 0] epoch 2 lr=4.998766e-05, remaining=106.30 min (avg train=2.14, avg val=0.06)
2025-11-09 07:07:11 [rank 0] metrics logged and best model check complete
2025-11-09 07:07:11 [rank 0] epoch loop completed
2025-11-09 07:07:11 [rank 0] before can_start_epoch decision
2025-11-09 07:07:11 [rank 0] after can_start_epoch decision -> True
2025-11-09 07:07:11 [rank 0] starting train_epoch
2025-11-09 07:07:33 [rank 0] step 0050: total=1.1107, seg=1.0411, domain=0.4973, align=0.0000, stats_align=0.0000, dom_acc=1.000, fg_frac=0.388, label_range=[-1,86], unique_labels=[-1, 0, 1, 2, 3, 4, 5, 6, 7, 8, 9, 10]..., domain_counts=d0=0, d1=2, grad_norm=6.770e+00, seg_grad=6.748e+00, tex_grad=3.718e-02, stats_grad=5.622e-03, enc_grad=9.461e-04, dom_grad=5.467e-01, pred_conf=0.572±0.259, pred_entropy=1.648, prob_range=[0.000,1.000], fg_match=0.636, top_preds=[(83, 436755), (82, 412959), (84, 140833), (46, 137516), (78, 51562)], dom_logits={'mean': 0.24205780029296875, 'std': 0.22612515091896057, 'max': 0.53076171875, 'min': 0.01007080078125, 'margin': 0.21698875725269318}
2025-11-09 07:07:43 [rank 0] step 0100: total=1.1272, seg=0.9989, domain=0.9167, align=0.0000, stats_align=0.0000, dom_acc=0.000, fg_frac=0.280, label_range=[-1,84], unique_labels=[-1, 4, 5, 6, 7, 8, 9, 10, 12, 13, 14, 15]..., domain_counts=d0=2, grad_norm=2.429e+01, seg_grad=2.428e+01, tex_grad=5.922e-02, stats_grad=8.757e-03, enc_grad=1.320e-03, dom_grad=7.629e-01, pred_conf=0.594±0.271, pred_entropy=1.528, prob_range=[0.000,1.000], fg_match=0.536, top_preds=[(83, 418364), (82, 365350), (84, 137715), (80, 126990), (37, 109509)], dom_logits={'mean': 0.11199951171875, 'std': 0.21267248690128326, 'max': 0.3330078125, 'min': -0.1822509765625, 'margin': 0.1986716091632843}
2025-11-09 07:07:53 [rank 0] step 0150: total=1.0871, seg=0.9879, domain=0.7073, align=0.0000, stats_align=0.0026, dom_acc=0.500, fg_frac=0.455, label_range=[-1,86], unique_labels=[-1, 1, 3, 5, 7, 9, 11, 13, 15, 16, 17, 18]..., domain_counts=d0=1, d1=1, grad_norm=7.070e+00, seg_grad=7.067e+00, tex_grad=1.765e-02, stats_grad=2.115e-03, enc_grad=2.641e-04, dom_grad=2.003e-01, pred_conf=0.631±0.283, pred_entropy=1.433, prob_range=[0.000,1.000], fg_match=0.627, top_preds=[(83, 407612), (82, 393123), (84, 110482), (46, 79088), (79, 50866)], dom_logits={'mean': 0.043121337890625, 'std': 0.17613258957862854, 'max': 0.22802734375, 'min': -0.1446533203125, 'margin': 0.1740221232175827}
2025-11-09 07:08:03 [rank 0] step 0200: total=1.6895, seg=1.5452, domain=1.0303, align=0.0000, stats_align=0.0000, dom_acc=0.000, fg_frac=0.373, label_range=[-1,86], unique_labels=[-1, 2, 3, 5, 6, 7, 8, 9, 10, 11, 12, 13]..., domain_counts=d0=2, grad_norm=5.276e+00, seg_grad=5.228e+00, tex_grad=3.711e-02, stats_grad=5.082e-03, enc_grad=6.665e-04, dom_grad=7.090e-01, pred_conf=0.550±0.264, pred_entropy=1.645, prob_range=[0.000,1.000], fg_match=0.575, top_preds=[(82, 399454), (83, 275762), (78, 120471), (36, 117435), (84, 116357)], dom_logits={'mean': 0.10308837890625, 'std': 0.29474231600761414, 'max': 0.400634765625, 'min': -0.2119140625, 'margin': 0.2861343026161194}
2025-11-09 07:08:12 [rank 0] step 0250: total=0.6413, seg=0.5403, domain=0.7217, align=0.0000, stats_align=0.0000, dom_acc=0.500, fg_frac=0.721, label_range=[-1,86], unique_labels=[-1, 0, 1, 2, 3, 4, 5, 6, 7, 8, 9, 10]..., domain_counts=d0=2, grad_norm=1.955e+00, seg_grad=1.881e+00, tex_grad=3.367e-02, stats_grad=4.723e-03, enc_grad=6.574e-04, dom_grad=5.331e-01, pred_conf=0.819±0.211, pred_entropy=0.672, prob_range=[0.000,1.000], fg_match=0.889, top_preds=[(83, 288229), (82, 262965), (78, 172166), (79, 147220), (35, 104557)], dom_logits={'mean': 0.1193389892578125, 'std': 0.05449267849326134, 'max': 0.213134765625, 'min': 0.08123779296875, 'margin': 0.029829442501068115}
2025-11-09 07:08:22 [rank 0] step 0300: total=0.5541, seg=0.4807, domain=0.5247, align=0.0000, stats_align=0.0000, dom_acc=1.000, fg_frac=0.795, label_range=[-1,86], unique_labels=[-1, 0, 1, 2, 3, 4, 5, 6, 7, 8, 9, 10]..., domain_counts=d0=2, grad_norm=2.535e+00, seg_grad=2.489e+00, tex_grad=3.247e-02, stats_grad=3.988e-03, enc_grad=6.143e-04, dom_grad=4.788e-01, pred_conf=0.802±0.196, pred_entropy=0.740, prob_range=[0.000,1.000], fg_match=0.900, top_preds=[(82, 318228), (83, 243826), (79, 153669), (36, 111303), (78, 97970)], dom_logits={'mean': -0.03436279296875, 'std': 0.18864774703979492, 'max': 0.194580078125, 'min': -0.231201171875, 'margin': 0.1837901622056961}
2025-11-09 07:08:32 [rank 0] step 0350: total=0.8333, seg=0.7298, domain=0.7391, align=0.0000, stats_align=0.0011, dom_acc=0.500, fg_frac=0.367, label_range=[-1,86], unique_labels=[-1, 1, 3, 5, 7, 8, 9, 11, 13, 15, 16, 17]..., domain_counts=d0=1, d1=1, grad_norm=1.119e+01, seg_grad=1.119e+01, tex_grad=2.160e-02, stats_grad=2.445e-03, enc_grad=3.875e-04, dom_grad=2.767e-01, pred_conf=0.628±0.252, pred_entropy=1.418, prob_range=[0.000,1.000], fg_match=0.794, top_preds=[(83, 417771), (82, 362099), (84, 177572), (46, 142208), (17, 78322)], dom_logits={'mean': -0.1179962158203125, 'std': 0.2478412538766861, 'max': 0.1585693359375, 'min': -0.4287109375, 'margin': 0.23707804083824158}
2025-11-09 07:08:42 [rank 0] step 0400: total=0.9458, seg=0.8313, domain=0.8173, align=0.0001, stats_align=0.0022, dom_acc=0.500, fg_frac=0.540, label_range=[-1,86], unique_labels=[-1, 1, 3, 5, 7, 8, 9, 11, 13, 15, 16, 17]..., domain_counts=d0=1, d1=1, grad_norm=4.338e+00, seg_grad=4.328e+00, tex_grad=2.543e-02, stats_grad=4.412e-03, enc_grad=7.528e-04, dom_grad=2.924e-01, pred_conf=0.743±0.239, pred_entropy=0.964, prob_range=[0.000,1.000], fg_match=0.654, top_preds=[(83, 404707), (82, 299868), (84, 149098), (46, 76309), (16, 62800)], dom_logits={'mean': -0.097900390625, 'std': 0.3961198627948761, 'max': 0.31591796875, 'min': -0.564453125, 'margin': 0.37263569235801697}
2025-11-09 07:08:47 [rank 0] finished train_epoch
2025-11-09 07:08:47 [rank 0] epoch 3 train summary -> total=1.0496, seg=0.9441, domain=0.7535, align=0.0000, stats=0.0011, dom_acc=0.466, batches=426
2025-11-09 07:08:47 [rank 0] epoch 3 parameter stats -> seg_rms=2.2352e-02 (Δ1.44e-05), domain_rms=9.9602e-02 (Δ-2.71e-04), texproj_rms=6.2965e-02 (Δ2.49e-04), statsproj_rms=1.2812e-01 (Δ2.32e-04), encoder_rms=3.2561e-02 (Δ1.96e-04)
2025-11-09 07:08:47 [rank 0] checking should_stop
2025-11-09 07:08:47 [rank 0] should_stop -> False
2025-11-09 07:08:47 [rank 0] before can_run_validation decision
2025-11-09 07:08:47 [rank 0] after can_run_validation -> True
2025-11-09 07:08:47 [rank 0] starting validation on main rank
2025-11-09 07:08:48 [rank 0] val-step 001: loss=0.6754, fg_frac=0.780, label_range=[-1,86], unique_labels=[-1, 0, 1, 2, 3, 4, 5, 6, 7, 8, 9, 10]..., pred_conf=0.672±0.222, pred_entropy=1.130, prob_range=[0.000,1.000], fg_match=0.778, top_preds=[(83, 136507), (82, 124552), (79, 52538), (78, 44501), (36, 41033)]
2025-11-09 07:08:49 [rank 0] val-step 002: loss=0.7038, fg_frac=0.752, label_range=[-1,86], unique_labels=[-1, 0, 1, 2, 3, 4, 5, 6, 7, 8, 9, 10]..., pred_conf=0.694±0.223, pred_entropy=1.042, prob_range=[0.000,1.000], fg_match=0.735, top_preds=[(83, 149391), (82, 124125), (79, 51545), (78, 50553), (80, 44530)]
2025-11-09 07:08:49 [rank 0] finished validation on main rank
2025-11-09 07:08:49 [rank 0] epoch 3 val summary -> loss=0.7729, dice=0.0316, duration=2.72s
2025-11-09 07:08:49 [rank 0] scheduler stepped
2025-11-09 07:08:49 [rank 0] epoch 3 lr=4.997225e-05, remaining=104.64 min (avg train=2.07, avg val=0.06)
2025-11-09 07:08:51 [rank 0] metrics logged and best model check complete
2025-11-09 07:08:51 [rank 0] epoch loop completed
2025-11-09 07:08:51 [rank 0] before can_start_epoch decision
2025-11-09 07:08:51 [rank 0] after can_start_epoch decision -> True
2025-11-09 07:08:51 [rank 0] starting train_epoch
2025-11-09 07:09:13 [rank 0] step 0050: total=0.6744, seg=0.5659, domain=0.5170, align=0.0000, stats_align=0.0000, dom_acc=1.000, fg_frac=0.730, label_range=[-1,86], unique_labels=[-1, 0, 1, 2, 3, 4, 5, 6, 7, 8, 9, 10]..., domain_counts=d0=2, grad_norm=2.061e+00, seg_grad=1.971e+00, tex_grad=9.203e-02, stats_grad=2.038e-02, enc_grad=2.163e-03, dom_grad=5.975e-01, pred_conf=0.763±0.221, pred_entropy=0.856, prob_range=[0.000,1.000], fg_match=0.880, top_preds=[(82, 265864), (83, 255321), (79, 129629), (46, 123520), (84, 94073)], dom_logits={'mean': -0.1034393310546875, 'std': 0.19828571379184723, 'max': 0.1142578125, 'min': -0.339111328125, 'margin': 0.1929955929517746}
2025-11-09 07:09:23 [rank 0] step 0100: total=1.2354, seg=1.1083, domain=0.6052, align=0.0000, stats_align=0.0000, dom_acc=1.000, fg_frac=0.444, label_range=[-1,84], unique_labels=[-1, 1, 2, 4, 5, 6, 7, 8, 9, 10, 11, 12]..., domain_counts=d0=2, grad_norm=4.867e+00, seg_grad=4.821e+00, tex_grad=1.004e-01, stats_grad=2.568e-02, enc_grad=2.826e-03, dom_grad=6.550e-01, pred_conf=0.692±0.257, pred_entropy=1.146, prob_range=[0.000,1.000], fg_match=0.762, top_preds=[(83, 411668), (82, 343105), (84, 166297), (79, 160445), (36, 79676)], dom_logits={'mean': -0.1042938232421875, 'std': 0.11568748950958252, 'max': 0.04833984375, 'min': -0.274658203125, 'margin': 0.0919715166091919}
2025-11-09 07:09:33 [rank 0] step 0150: total=1.1427, seg=0.9631, domain=0.8538, align=0.0029, stats_align=0.0015, dom_acc=0.500, fg_frac=0.467, label_range=[-1,85], unique_labels=[-1, 1, 2, 3, 4, 5, 7, 8, 9, 10, 11, 13]..., domain_counts=d0=1, d1=1, grad_norm=2.916e+00, seg_grad=2.837e+00, tex_grad=1.725e-01, stats_grad=8.374e-02, enc_grad=1.276e-02, dom_grad=6.444e-01, pred_conf=0.635±0.263, pred_entropy=1.369, prob_range=[0.000,1.000], fg_match=0.572, top_preds=[(83, 485492), (82, 377311), (84, 113159), (36, 104410), (79, 101922)], dom_logits={'mean': -0.0131988525390625, 'std': 0.2119811326265335, 'max': 0.33837890625, 'min': -0.2301025390625, 'margin': 0.1400453746318817}
2025-11-09 07:09:42 [rank 0] step 0200: total=1.0667, seg=0.8919, domain=0.8323, align=0.0000, stats_align=0.0000, dom_acc=0.000, fg_frac=0.641, label_range=[-1,86], unique_labels=[-1, 0, 1, 2, 3, 4, 5, 6, 7, 8, 9, 10]..., domain_counts=d0=2, grad_norm=3.049e+00, seg_grad=2.936e+00, tex_grad=1.511e-01, stats_grad=3.412e-02, enc_grad=6.062e-03, dom_grad=8.055e-01, pred_conf=0.704±0.265, pred_entropy=1.095, prob_range=[0.000,1.000], fg_match=0.759, top_preds=[(82, 213499), (83, 185462), (84, 141671), (46, 100047), (17, 85022)], dom_logits={'mean': 0.0929412841796875, 'std': 0.15430596470832825, 'max': 0.27783203125, 'min': -0.1431884765625, 'margin': 0.12603621184825897}
2025-11-09 07:09:52 [rank 0] step 0250: total=1.2400, seg=1.0811, domain=0.7561, align=0.0006, stats_align=0.0009, dom_acc=0.500, fg_frac=0.468, label_range=[-1,85], unique_labels=[-1, 0, 1, 2, 3, 4, 5, 6, 7, 8, 9, 10]..., domain_counts=d0=1, d1=1, grad_norm=5.222e+00, seg_grad=5.203e+00, tex_grad=5.836e-02, stats_grad=1.223e-02, enc_grad=1.642e-03, dom_grad=4.364e-01, pred_conf=0.649±0.265, pred_entropy=1.371, prob_range=[0.000,1.000], fg_match=0.636, top_preds=[(83, 402090), (82, 307308), (84, 167616), (46, 144366), (78, 97202)], dom_logits={'mean': 0.07275390625, 'std': 0.2242230623960495, 'max': 0.291748046875, 'min': -0.223876953125, 'margin': 0.21338899433612823}
2025-11-09 07:10:02 [rank 0] step 0300: total=0.8888, seg=0.7373, domain=0.7195, align=0.0013, stats_align=0.0056, dom_acc=0.500, fg_frac=0.509, label_range=[-1,86], unique_labels=[-1, 0, 1, 2, 3, 4, 5, 6, 7, 8, 9, 10]..., domain_counts=d0=1, d1=1, grad_norm=2.400e+00, seg_grad=2.362e+00, tex_grad=5.384e-02, stats_grad=1.209e-02, enc_grad=1.493e-03, dom_grad=4.248e-01, pred_conf=0.671±0.256, pred_entropy=1.270, prob_range=[0.000,1.000], fg_match=0.815, top_preds=[(83, 361547), (82, 331735), (84, 177714), (22, 81519), (36, 66155)], dom_logits={'mean': -0.2635650634765625, 'std': 0.13189785182476044, 'max': -0.10479736328125, 'min': -0.468505859375, 'margin': 0.07790999114513397}
2025-11-09 07:10:12 [rank 0] step 0350: total=1.3489, seg=1.2032, domain=0.6931, align=0.0001, stats_align=0.0011, dom_acc=0.500, fg_frac=0.526, label_range=[-1,86], unique_labels=[-1, 11, 16, 17, 19, 20, 21, 22, 23, 24, 25, 27]..., domain_counts=d0=1, d1=1, grad_norm=1.330e+01, seg_grad=1.330e+01, tex_grad=3.916e-02, stats_grad=5.571e-03, enc_grad=8.778e-04, dom_grad=3.489e-01, pred_conf=0.636±0.260, pred_entropy=1.360, prob_range=[0.000,1.000], fg_match=0.338, top_preds=[(83, 367097), (82, 260606), (79, 195271), (36, 114533), (84, 112904)], dom_logits={'mean': -0.2822113037109375, 'std': 0.13484102487564087, 'max': -0.09771728515625, 'min': -0.472412109375, 'margin': 0.07585738599300385}
2025-11-09 07:10:22 [rank 0] step 0400: total=1.3257, seg=1.2036, domain=0.5818, align=0.0000, stats_align=0.0000, dom_acc=1.000, fg_frac=0.539, label_range=[-1,84], unique_labels=[-1, 3, 4, 5, 6, 7, 8, 9, 10, 11, 12, 13]..., domain_counts=d0=2, grad_norm=4.616e+00, seg_grad=4.535e+00, tex_grad=8.311e-02, stats_grad=1.196e-02, enc_grad=1.857e-03, dom_grad=8.538e-01, pred_conf=0.697±0.248, pred_entropy=1.074, prob_range=[0.000,1.000], fg_match=0.761, top_preds=[(83, 372003), (82, 292178), (78, 192898), (35, 158865), (84, 138017)], dom_logits={'mean': -0.38726806640625, 'std': 0.15517814457416534, 'max': -0.140869140625, 'min': -0.5625, 'margin': 0.12107859551906586}
2025-11-09 07:10:27 [rank 0] finished train_epoch
2025-11-09 07:10:27 [rank 0] epoch 4 train summary -> total=1.0746, seg=0.9242, domain=0.7155, align=0.0005, stats=0.0011, dom_acc=0.567, batches=426
2025-11-09 07:10:27 [rank 0] epoch 4 parameter stats -> seg_rms=2.2366e-02 (Δ1.45e-05), domain_rms=9.9333e-02 (Δ-2.69e-04), texproj_rms=6.3421e-02 (Δ4.56e-04), statsproj_rms=1.2903e-01 (Δ9.09e-04), encoder_rms=3.2947e-02 (Δ3.86e-04)
2025-11-09 07:10:27 [rank 0] checking should_stop
2025-11-09 07:10:27 [rank 0] should_stop -> False
2025-11-09 07:10:27 [rank 0] before can_run_validation decision
2025-11-09 07:10:27 [rank 0] after can_run_validation -> True
2025-11-09 07:10:27 [rank 0] starting validation on main rank
2025-11-09 07:10:29 [rank 0] val-step 001: loss=0.5369, fg_frac=0.780, label_range=[-1,86], unique_labels=[-1, 0, 1, 2, 3, 4, 5, 6, 7, 8, 9, 10]..., pred_conf=0.755±0.211, pred_entropy=0.916, prob_range=[0.000,1.000], fg_match=0.831, top_preds=[(83, 148362), (82, 120850), (78, 48738), (79, 48444), (36, 35197)]
2025-11-09 07:10:29 [rank 0] val-step 002: loss=0.5328, fg_frac=0.752, label_range=[-1,86], unique_labels=[-1, 0, 1, 2, 3, 4, 5, 6, 7, 8, 9, 10]..., pred_conf=0.765±0.214, pred_entropy=0.876, prob_range=[0.000,1.000], fg_match=0.822, top_preds=[(83, 170113), (82, 121597), (79, 58121), (78, 48271), (36, 33252)]
2025-11-09 07:10:29 [rank 0] finished validation on main rank
2025-11-09 07:10:29 [rank 0] epoch 4 val summary -> loss=0.7460, dice=0.0312, duration=2.72s
2025-11-09 07:10:29 [rank 0] scheduler stepped
2025-11-09 07:10:29 [rank 0] epoch 4 lr=4.995067e-05, remaining=102.97 min (avg train=2.03, avg val=0.06)
2025-11-09 07:10:29 [rank 0] metrics logged and best model check complete
2025-11-09 07:10:29 [rank 0] epoch loop completed
2025-11-09 07:10:29 [rank 0] before can_start_epoch decision
2025-11-09 07:10:29 [rank 0] after can_start_epoch decision -> True
2025-11-09 07:10:29 [rank 0] starting train_epoch
2025-11-09 07:10:52 [rank 0] step 0050: total=1.2142, seg=1.0784, domain=0.4851, align=0.0000, stats_align=0.0000, dom_acc=1.000, fg_frac=0.205, label_range=[-1,83], unique_labels=[-1, 9, 20, 30, 31, 32, 33, 34, 35, 36, 37, 38]..., domain_counts=d0=2, grad_norm=3.900e+00, seg_grad=3.784e+00, tex_grad=1.302e-01, stats_grad=2.826e-02, enc_grad=3.306e-03, dom_grad=9.353e-01, pred_conf=0.498±0.291, pred_entropy=1.968, prob_range=[0.000,1.000], fg_match=0.647, top_preds=[(82, 426793), (83, 332234), (22, 255410), (84, 145259), (35, 82934)], dom_logits={'mean': -0.19999313354492188, 'std': 0.24009816348552704, 'max': 0.08172607421875, 'min': -0.473388671875, 'margin': 0.2318463921546936}
2025-11-09 07:11:02 [rank 0] step 0100: total=0.9573, seg=0.8135, domain=0.5137, align=0.0000, stats_align=0.0000, dom_acc=1.000, fg_frac=0.681, label_range=[-1,86], unique_labels=[-1, 0, 1, 2, 3, 4, 5, 6, 7, 8, 9, 10]..., domain_counts=d0=2, grad_norm=2.494e+00, seg_grad=2.355e+00, tex_grad=1.377e-01, stats_grad=2.022e-02, enc_grad=4.043e-03, dom_grad=8.081e-01, pred_conf=0.758±0.244, pred_entropy=0.918, prob_range=[0.000,1.000], fg_match=0.798, top_preds=[(83, 302994), (82, 284461), (79, 128762), (78, 119631), (36, 77587)], dom_logits={'mean': 0.040985107421875, 'std': 0.2059488594532013, 'max': 0.283203125, 'min': -0.2115478515625, 'margin': 0.19740931689739227}
2025-11-09 07:11:12 [rank 0] step 0150: total=1.3541, seg=1.1647, domain=0.6765, align=0.0000, stats_align=0.0000, dom_acc=1.000, fg_frac=0.501, label_range=[-1,86], unique_labels=[-1, 0, 8, 9, 10, 11, 12, 13, 14, 15, 16, 17]..., domain_counts=d0=2, grad_norm=6.890e+00, seg_grad=6.831e+00, tex_grad=1.698e-01, stats_grad=3.050e-02, enc_grad=4.735e-03, dom_grad=8.769e-01, pred_conf=0.687±0.240, pred_entropy=1.088, prob_range=[0.000,1.000], fg_match=0.663, top_preds=[(83, 355149), (82, 274956), (84, 148111), (46, 140021), (79, 74333)], dom_logits={'mean': 0.0761871337890625, 'std': 0.017126282677054405, 'max': 0.09478759765625, 'min': 0.05621337890625, 'margin': 0.016950905323028564}
2025-11-09 07:11:21 [rank 0] step 0200: total=0.8517, seg=0.6300, domain=0.7917, align=0.0000, stats_align=0.0000, dom_acc=0.000, fg_frac=0.701, label_range=[-1,85], unique_labels=[-1, 1, 3, 5, 7, 9, 11, 13, 15, 17, 18, 19]..., domain_counts=d0=2, grad_norm=1.651e+00, seg_grad=1.387e+00, tex_grad=1.782e-01, stats_grad=4.821e-02, enc_grad=5.892e-03, dom_grad=8.771e-01, pred_conf=0.745±0.236, pred_entropy=0.939, prob_range=[0.000,1.000], fg_match=0.876, top_preds=[(82, 262809), (83, 245368), (78, 155218), (35, 124661), (84, 109419)], dom_logits={'mean': 0.09410858154296875, 'std': 0.09943920373916626, 'max': 0.21630859375, 'min': -0.03564453125, 'margin': 0.09384554624557495}
2025-11-09 07:11:31 [rank 0] step 0250: total=0.9707, seg=0.7349, domain=0.8423, align=0.0000, stats_align=0.0000, dom_acc=0.000, fg_frac=0.362, label_range=[-1,84], unique_labels=[-1, 1, 3, 5, 7, 9, 11, 13, 15, 17, 18, 20]..., domain_counts=d0=2, grad_norm=2.870e+00, seg_grad=2.678e+00, tex_grad=1.628e-01, stats_grad=3.565e-02, enc_grad=4.893e-03, dom_grad=1.020e+00, pred_conf=0.574±0.267, pred_entropy=1.582, prob_range=[0.000,1.000], fg_match=0.903, top_preds=[(83, 369680), (82, 315659), (79, 169725), (46, 136404), (36, 120246)], dom_logits={'mean': 0.08387374877929688, 'std': 0.14407603442668915, 'max': 0.25830078125, 'min': -0.09228515625, 'margin': 0.1386764794588089}
2025-11-09 07:11:41 [rank 0] step 0300: total=1.0150, seg=0.7768, domain=0.8508, align=0.0000, stats_align=0.0000, dom_acc=0.000, fg_frac=0.574, label_range=[-1,86], unique_labels=[-1, 0, 2, 4, 6, 8, 10, 12, 14, 16, 18, 20]..., domain_counts=d0=2, grad_norm=3.341e+00, seg_grad=3.156e+00, tex_grad=2.208e-01, stats_grad=4.198e-02, enc_grad=5.999e-03, dom_grad=1.073e+00, pred_conf=0.668±0.269, pred_entropy=1.206, prob_range=[0.000,1.000], fg_match=0.701, top_preds=[(83, 333252), (82, 331609), (78, 183830), (35, 134054), (84, 124853)], dom_logits={'mean': 0.09929656982421875, 'std': 0.15227286517620087, 'max': 0.27490234375, 'min': -0.1002197265625, 'margin': 0.14473021030426025}
2025-11-09 07:11:51 [rank 0] step 0350: total=1.4793, seg=1.2429, domain=0.8445, align=0.0000, stats_align=0.0000, dom_acc=0.000, fg_frac=0.525, label_range=[-1,86], unique_labels=[-1, 2, 3, 5, 6, 8, 9, 10, 11, 12, 13, 14]..., domain_counts=d0=2, grad_norm=4.181e+00, seg_grad=3.946e+00, tex_grad=1.725e-01, stats_grad=5.123e-02, enc_grad=4.514e-03, dom_grad=1.372e+00, pred_conf=0.686±0.257, pred_entropy=1.212, prob_range=[0.000,1.000], fg_match=0.722, top_preds=[(82, 370298), (83, 242861), (38, 132535), (81, 131043), (84, 129667)], dom_logits={'mean': 0.20702362060546875, 'std': 0.15547028183937073, 'max': 0.44091796875, 'min': 0.050384521484375, 'margin': 0.13881997764110565}
2025-11-09 07:12:01 [rank 0] step 0400: total=0.8152, seg=0.6335, domain=0.6489, align=0.0000, stats_align=0.0000, dom_acc=1.000, fg_frac=0.541, label_range=[-1,86], unique_labels=[-1, 0, 2, 4, 5, 6, 7, 8, 10, 12, 14, 16]..., domain_counts=d0=2, grad_norm=2.396e+00, seg_grad=2.135e+00, tex_grad=1.387e-01, stats_grad=1.941e-02, enc_grad=3.412e-03, dom_grad=1.079e+00, pred_conf=0.746±0.239, pred_entropy=0.967, prob_range=[0.000,1.000], fg_match=0.877, top_preds=[(83, 391673), (82, 347631), (79, 145469), (84, 106405), (81, 68382)], dom_logits={'mean': 0.12625503540039062, 'std': 0.09547839313745499, 'max': 0.2724609375, 'min': 0.0178375244140625, 'margin': 0.04551120102405548}
2025-11-09 07:12:05 [rank 0] finished train_epoch
2025-11-09 07:12:05 [rank 0] epoch 5 train summary -> total=1.1208, seg=0.9169, domain=0.7279, align=0.0006, stats=0.0010, dom_acc=0.445, batches=426
2025-11-09 07:12:05 [rank 0] epoch 5 parameter stats -> seg_rms=2.2387e-02 (Δ2.04e-05), domain_rms=9.9046e-02 (Δ-2.87e-04), texproj_rms=6.3710e-02 (Δ2.90e-04), statsproj_rms=1.2976e-01 (Δ7.36e-04), encoder_rms=3.2983e-02 (Δ3.58e-05)
2025-11-09 07:12:05 [rank 0] checking should_stop
2025-11-09 07:12:05 [rank 0] should_stop -> False
2025-11-09 07:12:05 [rank 0] before can_run_validation decision
2025-11-09 07:12:05 [rank 0] after can_run_validation -> True
2025-11-09 07:12:05 [rank 0] starting validation on main rank
2025-11-09 07:12:07 [rank 0] val-step 001: loss=0.6554, fg_frac=0.780, label_range=[-1,86], unique_labels=[-1, 0, 1, 2, 3, 4, 5, 6, 7, 8, 9, 10]..., pred_conf=0.669±0.221, pred_entropy=1.173, prob_range=[0.000,1.000], fg_match=0.803, top_preds=[(83, 144873), (82, 134815), (78, 50831), (79, 47829), (36, 40503)]
2025-11-09 07:12:07 [rank 0] val-step 002: loss=0.7167, fg_frac=0.752, label_range=[-1,86], unique_labels=[-1, 0, 1, 2, 3, 4, 5, 6, 7, 8, 9, 10]..., pred_conf=0.653±0.226, pred_entropy=1.182, prob_range=[0.000,1.000], fg_match=0.721, top_preds=[(83, 166919), (82, 128103), (78, 67609), (79, 46357), (35, 44741)]
2025-11-09 07:12:08 [rank 0] finished validation on main rank
2025-11-09 07:12:08 [rank 0] epoch 5 val summary -> loss=0.9119, dice=0.0219, duration=2.68s
2025-11-09 07:12:08 [rank 0] scheduler stepped
2025-11-09 07:12:08 [rank 0] epoch 5 lr=4.992293e-05, remaining=101.32 min (avg train=2.01, avg val=0.05)
2025-11-09 07:12:08 [rank 0] metrics logged and best model check complete
2025-11-09 07:12:08 [rank 0] epoch loop completed
2025-11-09 07:12:08 [rank 0] before can_start_epoch decision
2025-11-09 07:12:08 [rank 0] after can_start_epoch decision -> True
2025-11-09 07:12:08 [rank 0] starting train_epoch
2025-11-09 07:12:31 [rank 0] step 0050: total=1.2126, seg=0.9913, domain=0.6321, align=0.0002, stats_align=0.0005, dom_acc=0.500, fg_frac=0.454, label_range=[-1,86], unique_labels=[-1, 0, 1, 2, 3, 4, 5, 6, 7, 8, 9, 10]..., domain_counts=d0=1, d1=1, grad_norm=3.710e+00, seg_grad=3.678e+00, tex_grad=1.116e-01, stats_grad=1.635e-02, enc_grad=2.356e-03, dom_grad=4.763e-01, pred_conf=0.619±0.262, pred_entropy=1.382, prob_range=[0.000,1.000], fg_match=0.614, top_preds=[(83, 384307), (82, 302884), (84, 105762), (46, 101044), (79, 95080)], dom_logits={'mean': -0.0200347900390625, 'std': 0.18858957290649414, 'max': 0.261962890625, 'min': -0.2298583984375, 'margin': 0.16529135406017303}
2025-11-09 07:12:41 [rank 0] step 0100: total=1.2034, seg=0.9958, domain=0.5933, align=0.0000, stats_align=0.0000, dom_acc=1.000, fg_frac=0.730, label_range=[-1,86], unique_labels=[-1, 0, 1, 2, 3, 4, 5, 6, 7, 8, 9, 10]..., domain_counts=d0=2, grad_norm=1.445e+01, seg_grad=1.440e+01, tex_grad=2.309e-01, stats_grad=4.230e-02, enc_grad=4.999e-03, dom_grad=1.203e+00, pred_conf=0.727±0.240, pred_entropy=1.028, prob_range=[0.000,1.000], fg_match=0.728, top_preds=[(83, 337994), (82, 301104), (79, 160957), (78, 128938), (36, 103929)], dom_logits={'mean': -0.13146305084228516, 'std': 0.12711159884929657, 'max': -0.007572174072265625, 'min': -0.334716796875, 'margin': 0.10576625168323517}
2025-11-09 07:12:50 [rank 0] step 0150: total=1.1100, seg=0.9393, domain=0.4878, align=0.0000, stats_align=0.0000, dom_acc=1.000, fg_frac=0.145, label_range=[-1,84], unique_labels=[-1, 10, 16, 17, 18, 20, 30, 31, 32, 33, 34, 35]..., domain_counts=d0=2, grad_norm=8.317e+00, seg_grad=8.234e+00, tex_grad=2.172e-01, stats_grad=3.330e-02, enc_grad=5.170e-03, dom_grad=1.153e+00, pred_conf=0.516±0.272, pred_entropy=1.832, prob_range=[0.000,1.000], fg_match=0.512, top_preds=[(82, 419506), (83, 352439), (84, 201933), (35, 140476), (78, 122025)], dom_logits={'mean': 0.0308837890625, 'std': 0.2513355314731598, 'max': 0.387939453125, 'min': -0.251708984375, 'margin': 0.22842992842197418}
2025-11-09 07:13:00 [rank 0] step 0200: total=1.3893, seg=1.2065, domain=0.5222, align=0.0000, stats_align=0.0000, dom_acc=1.000, fg_frac=0.583, label_range=[-1,86], unique_labels=[-1, 0, 1, 2, 3, 4, 5, 6, 7, 8, 9, 10]..., domain_counts=d0=2, grad_norm=2.575e+00, seg_grad=2.287e+00, tex_grad=2.144e-01, stats_grad=5.482e-02, enc_grad=5.998e-03, dom_grad=1.163e+00, pred_conf=0.679±0.258, pred_entropy=1.237, prob_range=[0.000,1.000], fg_match=0.714, top_preds=[(82, 341498), (83, 285452), (84, 135268), (79, 113180), (16, 84551)], dom_logits={'mean': -0.080322265625, 'std': 0.19392473995685577, 'max': 0.164794921875, 'min': -0.29736328125, 'margin': 0.1864762306213379}
2025-11-09 07:13:10 [rank 0] step 0250: total=1.1726, seg=0.9716, domain=0.5742, align=0.0000, stats_align=0.0000, dom_acc=1.000, fg_frac=0.738, label_range=[-1,86], unique_labels=[-1, 7, 9, 11, 19, 20, 21, 22, 23, 24, 25, 26]..., domain_counts=d0=2, grad_norm=1.912e+00, seg_grad=1.495e+00, tex_grad=2.772e-01, stats_grad=8.535e-02, enc_grad=8.621e-03, dom_grad=1.156e+00, pred_conf=0.759±0.202, pred_entropy=0.870, prob_range=[0.000,1.000], fg_match=0.793, top_preds=[(82, 217947), (80, 207804), (83, 194229), (37, 187010), (84, 101451)], dom_logits={'mean': -0.07469558715820312, 'std': 0.15241114795207977, 'max': 0.121826171875, 'min': -0.294921875, 'margin': 0.128937229514122}
2025-11-09 07:13:20 [rank 0] step 0300: total=1.3110, seg=1.0547, domain=0.7324, align=0.0000, stats_align=0.0000, dom_acc=0.000, fg_frac=0.704, label_range=[-1,86], unique_labels=[-1, 0, 2, 4, 6, 8, 10, 11, 12, 14, 16, 18]..., domain_counts=d0=2, grad_norm=1.990e+01, seg_grad=1.986e+01, tex_grad=3.075e-01, stats_grad=1.269e-01, enc_grad=1.303e-02, dom_grad=1.094e+00, pred_conf=0.711±0.233, pred_entropy=1.034, prob_range=[0.000,1.000], fg_match=0.496, top_preds=[(82, 316595), (83, 227945), (79, 146732), (35, 133666), (81, 99706)], dom_logits={'mean': -0.152740478515625, 'std': 0.052127622067928314, 'max': -0.0992431640625, 'min': -0.2386474609375, 'margin': 0.03839266300201416}
2025-11-09 07:13:30 [rank 0] step 0350: total=0.9066, seg=0.6648, domain=0.6907, align=0.0000, stats_align=0.0000, dom_acc=0.500, fg_frac=0.532, label_range=[-1,86], unique_labels=[-1, 4, 6, 8, 9, 10, 12, 18, 20, 23, 24, 28]..., domain_counts=d0=2, grad_norm=2.040e+00, seg_grad=1.685e+00, tex_grad=2.812e-01, stats_grad=1.044e-01, enc_grad=9.326e-03, dom_grad=1.111e+00, pred_conf=0.671±0.277, pred_entropy=1.297, prob_range=[0.000,1.000], fg_match=0.823, top_preds=[(82, 326159), (83, 298350), (79, 204971), (36, 145960), (84, 108108)], dom_logits={'mean': -0.16717529296875, 'std': 0.023649606853723526, 'max': -0.1314697265625, 'min': -0.197998046875, 'margin': 0.016844019293785095}
2025-11-09 07:13:39 [rank 0] step 0400: total=0.8712, seg=0.6426, domain=0.6531, align=0.0000, stats_align=0.0000, dom_acc=0.500, fg_frac=0.338, label_range=[-1,84], unique_labels=[-1, 0, 1, 2, 3, 4, 5, 7, 8, 9, 13, 14]..., domain_counts=d0=2, grad_norm=2.566e+00, seg_grad=2.288e+00, tex_grad=2.003e-01, stats_grad=3.850e-02, enc_grad=6.162e-03, dom_grad=1.143e+00, pred_conf=0.681±0.279, pred_entropy=1.229, prob_range=[0.000,1.000], fg_match=0.913, top_preds=[(83, 422933), (82, 325666), (84, 175765), (46, 131830), (17, 117508)], dom_logits={'mean': -0.08798980712890625, 'std': 0.06980670988559723, 'max': 0.009307861328125, 'min': -0.1864013671875, 'margin': 0.05528688430786133}
2025-11-09 07:13:44 [rank 0] finished train_epoch
2025-11-09 07:13:44 [rank 0] epoch 6 train summary -> total=1.1454, seg=0.8997, domain=0.7016, align=0.0006, stats=0.0011, dom_acc=0.550, batches=426
2025-11-09 07:13:44 [rank 0] epoch 6 parameter stats -> seg_rms=2.2409e-02 (Δ2.25e-05), domain_rms=9.8818e-02 (Δ-2.27e-04), texproj_rms=6.3920e-02 (Δ2.09e-04), statsproj_rms=1.3040e-01 (Δ6.41e-04), encoder_rms=3.2980e-02 (Δ-2.64e-06)
2025-11-09 07:13:44 [rank 0] checking should_stop
2025-11-09 07:13:44 [rank 0] should_stop -> False
2025-11-09 07:13:44 [rank 0] before can_run_validation decision
2025-11-09 07:13:44 [rank 0] after can_run_validation -> True
2025-11-09 07:13:44 [rank 0] starting validation on main rank
2025-11-09 07:13:47 [rank 0] val-step 001: loss=0.5267, fg_frac=0.780, label_range=[-1,86], unique_labels=[-1, 0, 1, 2, 3, 4, 5, 6, 7, 8, 9, 10]..., pred_conf=0.732±0.208, pred_entropy=0.973, prob_range=[0.000,1.000], fg_match=0.832, top_preds=[(83, 157577), (82, 119360), (78, 48582), (79, 45981), (36, 37985)]
2025-11-09 07:13:47 [rank 0] val-step 002: loss=0.5167, fg_frac=0.752, label_range=[-1,86], unique_labels=[-1, 0, 1, 2, 3, 4, 5, 6, 7, 8, 9, 10]..., pred_conf=0.723±0.213, pred_entropy=0.989, prob_range=[0.000,1.000], fg_match=0.836, top_preds=[(83, 168065), (82, 129321), (79, 55278), (78, 45186), (36, 35192)]
2025-11-09 07:13:47 [rank 0] finished validation on main rank
2025-11-09 07:13:47 [rank 0] epoch 6 val summary -> loss=0.7225, dice=0.0319, duration=2.85s
2025-11-09 07:13:47 [rank 0] scheduler stepped
2025-11-09 07:13:47 [rank 0] epoch 6 lr=4.988905e-05, remaining=99.67 min (avg train=1.99, avg val=0.05)
2025-11-09 07:13:49 [rank 0] metrics logged and best model check complete
2025-11-09 07:13:49 [rank 0] epoch loop completed
2025-11-09 07:13:49 [rank 0] before can_start_epoch decision
2025-11-09 07:13:49 [rank 0] after can_start_epoch decision -> True
2025-11-09 07:13:49 [rank 0] starting train_epoch
2025-11-09 07:14:10 [rank 0] step 0050: total=0.9992, seg=0.6915, domain=0.7319, align=0.0014, stats_align=0.0012, dom_acc=0.500, fg_frac=0.600, label_range=[-1,85], unique_labels=[-1, 1, 3, 5, 7, 9, 11, 13, 15, 17, 18, 19]..., domain_counts=d0=1, d1=1, grad_norm=2.359e+00, seg_grad=2.221e+00, tex_grad=1.993e-01, stats_grad=5.046e-02, enc_grad=6.739e-03, dom_grad=7.692e-01, pred_conf=0.677±0.274, pred_entropy=1.219, prob_range=[0.000,1.000], fg_match=0.759, top_preds=[(83, 331825), (82, 300271), (78, 132836), (84, 109021), (35, 78819)], dom_logits={'mean': -0.1118927001953125, 'std': 0.16238775849342346, 'max': 0.05072021484375, 'min': -0.326904296875, 'margin': 0.15570537745952606}
2025-11-09 07:14:20 [rank 0] step 0100: total=0.8376, seg=0.6057, domain=0.5522, align=0.0000, stats_align=0.0000, dom_acc=1.000, fg_frac=0.452, label_range=[-1,85], unique_labels=[-1, 1, 3, 5, 7, 9, 11, 13, 15, 16, 17, 18]..., domain_counts=d0=2, grad_norm=1.720e+00, seg_grad=1.220e+00, tex_grad=2.655e-01, stats_grad=4.466e-02, enc_grad=5.260e-03, dom_grad=1.182e+00, pred_conf=0.684±0.262, pred_entropy=1.232, prob_range=[0.000,1.000], fg_match=0.897, top_preds=[(83, 403983), (82, 293531), (84, 133900), (46, 118641), (79, 102356)], dom_logits={'mean': -0.0093841552734375, 'std': 0.16541501879692078, 'max': 0.21923828125, 'min': -0.2103271484375, 'margin': 0.15149059891700745}
2025-11-09 07:14:30 [rank 0] step 0150: total=0.8288, seg=0.6177, domain=0.5027, align=0.0000, stats_align=0.0000, dom_acc=1.000, fg_frac=0.737, label_range=[-1,86], unique_labels=[-1, 6, 10, 20, 30, 31, 32, 33, 34, 35, 36, 38]..., domain_counts=d0=2, grad_norm=1.728e+00, seg_grad=1.245e+00, tex_grad=2.372e-01, stats_grad=3.919e-02, enc_grad=4.697e-03, dom_grad=1.174e+00, pred_conf=0.775±0.195, pred_entropy=0.844, prob_range=[0.000,1.000], fg_match=0.922, top_preds=[(79, 342156), (82, 310599), (83, 289729), (36, 263617), (84, 73789)], dom_logits={'mean': -0.051055908203125, 'std': 0.2170022577047348, 'max': 0.21728515625, 'min': -0.275390625, 'margin': 0.21007199585437775}
2025-11-09 07:14:40 [rank 0] step 0200: total=1.2588, seg=0.9692, domain=0.6880, align=0.0018, stats_align=0.0039, dom_acc=0.500, fg_frac=0.634, label_range=[-1,84], unique_labels=[-1, 1, 2, 3, 4, 5, 6, 7, 8, 9, 10, 11]..., domain_counts=d0=1, d1=1, grad_norm=2.428e+00, seg_grad=2.268e+00, tex_grad=2.280e-01, stats_grad=2.925e-02, enc_grad=3.882e-03, dom_grad=8.350e-01, pred_conf=0.669±0.242, pred_entropy=1.265, prob_range=[0.000,1.000], fg_match=0.714, top_preds=[(83, 370051), (82, 318640), (80, 88123), (78, 81810), (21, 79953)], dom_logits={'mean': -0.049285888671875, 'std': 0.19460457563400269, 'max': 0.14453125, 'min': -0.29052734375, 'margin': 0.18897061049938202}
2025-11-09 07:14:50 [rank 0] step 0250: total=0.7505, seg=0.5654, domain=0.4407, align=0.0000, stats_align=0.0000, dom_acc=1.000, fg_frac=0.897, label_range=[-1,86], unique_labels=[-1, 0, 1, 2, 3, 4, 5, 6, 7, 8, 9, 11]..., domain_counts=d0=2, grad_norm=1.720e+00, seg_grad=1.284e+00, tex_grad=2.384e-01, stats_grad=6.415e-02, enc_grad=8.702e-03, dom_grad=1.118e+00, pred_conf=0.863±0.168, pred_entropy=0.498, prob_range=[0.000,1.000], fg_match=0.867, top_preds=[(82, 177609), (78, 162392), (83, 145826), (79, 135500), (80, 103443)], dom_logits={'mean': 0.121002197265625, 'std': 0.30172574520111084, 'max': 0.425048828125, 'min': -0.255126953125, 'margin': 0.28763172030448914}
2025-11-09 07:14:59 [rank 0] step 0300: total=1.9713, seg=1.6478, domain=0.7671, align=0.0019, stats_align=0.0088, dom_acc=0.500, fg_frac=0.514, label_range=[-1,86], unique_labels=[-1, 1, 3, 4, 5, 6, 7, 8, 9, 10, 11, 12]..., domain_counts=d0=1, d1=1, grad_norm=4.226e+00, seg_grad=4.108e+00, tex_grad=2.332e-01, stats_grad=2.691e-02, enc_grad=3.946e-03, dom_grad=9.631e-01, pred_conf=0.657±0.266, pred_entropy=1.307, prob_range=[0.000,1.000], fg_match=0.474, top_preds=[(83, 335557), (82, 284467), (84, 199579), (46, 140163), (37, 70908)], dom_logits={'mean': -0.1047515869140625, 'std': 0.3108501732349396, 'max': 0.267822265625, 'min': -0.54541015625, 'margin': 0.27567046880722046}
2025-11-09 07:15:09 [rank 0] step 0350: total=1.4267, seg=0.9497, domain=1.1357, align=0.0000, stats_align=0.0000, dom_acc=0.000, fg_frac=0.344, label_range=[-1,86], unique_labels=[-1, 0, 1, 2, 3, 4, 5, 6, 8, 9, 10, 11]..., domain_counts=d0=0, d1=2, grad_norm=5.210e+00, seg_grad=4.559e+00, tex_grad=5.561e-01, stats_grad=7.845e-02, enc_grad=1.448e-02, dom_grad=2.459e+00, pred_conf=0.540±0.271, pred_entropy=1.804, prob_range=[0.000,1.000], fg_match=0.703, top_preds=[(83, 521551), (82, 401647), (84, 171643), (79, 86854), (78, 82740)], dom_logits={'mean': -0.07830810546875, 'std': 0.3790135681629181, 'max': 0.341552734375, 'min': -0.525390625, 'margin': 0.35750138759613037}
2025-11-09 07:15:19 [rank 0] step 0400: total=1.2571, seg=0.9398, domain=0.7549, align=0.0004, stats_align=0.0016, dom_acc=0.500, fg_frac=0.242, label_range=[-1,85], unique_labels=[-1, 2, 3, 4, 5, 6, 7, 8, 9, 11, 12, 13]..., domain_counts=d0=1, d1=1, grad_norm=2.641e+00, seg_grad=2.534e+00, tex_grad=2.163e-01, stats_grad=3.620e-02, enc_grad=4.580e-03, dom_grad=7.102e-01, pred_conf=0.558±0.267, pred_entropy=1.677, prob_range=[0.000,1.000], fg_match=0.631, top_preds=[(83, 523861), (82, 363320), (78, 182230), (84, 175696), (79, 94101)], dom_logits={'mean': -0.10408782958984375, 'std': 0.17707695066928864, 'max': 0.11328125, 'min': -0.321044921875, 'margin': 0.16894003748893738}
2025-11-09 07:15:24 [rank 0] finished train_epoch
2025-11-09 07:15:24 [rank 0] epoch 7 train summary -> total=1.1551, seg=0.8843, domain=0.6443, align=0.0004, stats=0.0009, dom_acc=0.714, batches=426
2025-11-09 07:15:24 [rank 0] epoch 7 parameter stats -> seg_rms=2.2427e-02 (Δ1.82e-05), domain_rms=9.8803e-02 (Δ-1.50e-05), texproj_rms=6.4219e-02 (Δ2.99e-04), statsproj_rms=1.3064e-01 (Δ2.34e-04), encoder_rms=3.3237e-02 (Δ2.57e-04)
2025-11-09 07:15:24 [rank 0] checking should_stop
2025-11-09 07:15:24 [rank 0] should_stop -> False
2025-11-09 07:15:24 [rank 0] before can_run_validation decision
2025-11-09 07:15:24 [rank 0] after can_run_validation -> True
2025-11-09 07:15:24 [rank 0] starting validation on main rank
2025-11-09 07:15:26 [rank 0] val-step 001: loss=0.6103, fg_frac=0.780, label_range=[-1,86], unique_labels=[-1, 0, 1, 2, 3, 4, 5, 6, 7, 8, 9, 10]..., pred_conf=0.679±0.210, pred_entropy=1.073, prob_range=[0.000,1.000], fg_match=0.811, top_preds=[(83, 147879), (82, 116955), (78, 46972), (79, 46705), (84, 38871)]
2025-11-09 07:15:26 [rank 0] val-step 002: loss=0.6119, fg_frac=0.752, label_range=[-1,86], unique_labels=[-1, 0, 1, 2, 3, 4, 5, 6, 7, 8, 9, 10]..., pred_conf=0.677±0.216, pred_entropy=1.079, prob_range=[0.000,1.000], fg_match=0.789, top_preds=[(83, 154373), (82, 119596), (78, 52269), (79, 49132), (84, 42437)]
2025-11-09 07:15:27 [rank 0] finished validation on main rank
2025-11-09 07:15:27 [rank 0] epoch 7 val summary -> loss=0.7238, dice=0.0323, duration=2.71s
2025-11-09 07:15:27 [rank 0] scheduler stepped
2025-11-09 07:15:27 [rank 0] epoch 7 lr=4.984902e-05, remaining=98.01 min (avg train=1.98, avg val=0.05)
2025-11-09 07:15:28 [rank 0] metrics logged and best model check complete
2025-11-09 07:15:28 [rank 0] epoch loop completed
2025-11-09 07:15:28 [rank 0] before can_start_epoch decision
2025-11-09 07:15:28 [rank 0] after can_start_epoch decision -> True
2025-11-09 07:15:28 [rank 0] starting train_epoch
2025-11-09 07:15:50 [rank 0] step 0050: total=1.3612, seg=0.8468, domain=1.0498, align=0.0000, stats_align=0.0000, dom_acc=0.000, fg_frac=0.180, label_range=[-1,83], unique_labels=[-1, 16, 17, 21, 22, 23, 24, 25, 27, 29, 31, 32]..., domain_counts=d0=0, d1=2, grad_norm=4.040e+00, seg_grad=3.032e+00, tex_grad=7.106e-01, stats_grad=1.297e-01, enc_grad=1.863e-02, dom_grad=2.572e+00, pred_conf=0.526±0.261, pred_entropy=1.793, prob_range=[0.000,1.000], fg_match=0.740, top_preds=[(83, 499561), (82, 327555), (84, 194016), (79, 118416), (35, 98561)], dom_logits={'mean': -0.1623992919921875, 'std': 0.314354807138443, 'max': 0.17822265625, 'min': -0.55126953125, 'margin': 0.2980276942253113}
2025-11-09 07:16:00 [rank 0] step 0100: total=1.2625, seg=0.9403, domain=0.6565, align=0.0015, stats_align=0.0022, dom_acc=0.500, fg_frac=0.389, label_range=[-1,85], unique_labels=[-1, 1, 3, 5, 7, 9, 11, 13, 15, 17, 18, 19]..., domain_counts=d0=1, d1=1, grad_norm=4.668e+00, seg_grad=4.577e+00, tex_grad=2.991e-01, stats_grad=5.391e-02, enc_grad=6.615e-03, dom_grad=8.648e-01, pred_conf=0.601±0.269, pred_entropy=1.470, prob_range=[0.000,1.000], fg_match=0.556, top_preds=[(83, 437548), (82, 322511), (84, 156599), (79, 150785), (36, 94371)], dom_logits={'mean': -0.05137014389038086, 'std': 0.22184595465660095, 'max': 0.2900390625, 'min': -0.278564453125, 'margin': 0.19175516068935394}
2025-11-09 07:16:10 [rank 0] step 0150: total=1.7498, seg=1.4990, domain=0.5117, align=0.0000, stats_align=0.0000, dom_acc=1.000, fg_frac=0.538, label_range=[-1,86], unique_labels=[-1, 0, 1, 2, 3, 4, 5, 6, 7, 8, 9, 10]..., domain_counts=d0=2, grad_norm=3.156e+00, seg_grad=2.762e+00, tex_grad=4.557e-01, stats_grad=1.229e-01, enc_grad=1.476e-02, dom_grad=1.451e+00, pred_conf=0.709±0.293, pred_entropy=1.156, prob_range=[0.000,1.000], fg_match=0.699, top_preds=[(83, 288239), (82, 204096), (78, 122319), (84, 105653), (81, 92265)], dom_logits={'mean': -0.0406341552734375, 'std': 0.21111942827701569, 'max': 0.216064453125, 'min': -0.303466796875, 'margin': 0.20007452368736267}
2025-11-09 07:16:20 [rank 0] step 0200: total=2.1813, seg=1.8830, domain=0.6086, align=0.0000, stats_align=0.0000, dom_acc=1.000, fg_frac=0.357, label_range=[-1,84], unique_labels=[-1, 9, 11, 13, 14, 15, 16, 17, 18, 19, 20, 21]..., domain_counts=d0=2, grad_norm=1.204e+01, seg_grad=1.196e+01, tex_grad=3.751e-01, stats_grad=7.263e-02, enc_grad=1.175e-02, dom_grad=1.351e+00, pred_conf=0.549±0.258, pred_entropy=1.677, prob_range=[0.000,1.000], fg_match=0.191, top_preds=[(83, 268173), (82, 265360), (84, 190695), (81, 127396), (78, 126393)], dom_logits={'mean': 0.04862105846405029, 'std': 0.09287574142217636, 'max': 0.1417236328125, 'min': -0.07916259765625, 'margin': 0.08831305801868439}
2025-11-09 07:16:30 [rank 0] step 0250: total=1.5254, seg=1.2686, domain=0.5239, align=0.0000, stats_align=0.0000, dom_acc=1.000, fg_frac=0.586, label_range=[-1,86], unique_labels=[-1, 0, 1, 2, 3, 4, 5, 6, 7, 8, 9, 10]..., domain_counts=d0=2, grad_norm=3.068e+00, seg_grad=2.839e+00, tex_grad=3.194e-01, stats_grad=6.685e-02, enc_grad=7.855e-03, dom_grad=1.117e+00, pred_conf=0.675±0.295, pred_entropy=1.250, prob_range=[0.000,1.000], fg_match=0.685, top_preds=[(82, 298648), (83, 214857), (84, 145915), (22, 106932), (46, 84476)], dom_logits={'mean': 0.0668182373046875, 'std': 0.19637982547283173, 'max': 0.330322265625, 'min': -0.15869140625, 'margin': 0.1845172494649887}
2025-11-09 07:16:40 [rank 0] step 0300: total=1.0733, seg=0.8060, domain=0.5457, align=0.0000, stats_align=0.0000, dom_acc=1.000, fg_frac=0.302, label_range=[-1,84], unique_labels=[-1, 11, 19, 21, 27, 29, 31, 33, 35, 37, 39, 41]..., domain_counts=d0=2, grad_norm=4.192e+00, seg_grad=3.919e+00, tex_grad=3.866e-01, stats_grad=5.876e-02, enc_grad=8.352e-03, dom_grad=1.436e+00, pred_conf=0.543±0.260, pred_entropy=1.735, prob_range=[0.000,1.000], fg_match=0.825, top_preds=[(83, 341839), (82, 331465), (84, 164697), (22, 121547), (46, 115767)], dom_logits={'mean': 0.0684967041015625, 'std': 0.1613456755876541, 'max': 0.23583984375, 'min': -0.1171875, 'margin': 0.15889188647270203}
2025-11-09 07:16:50 [rank 0] step 0350: total=0.9787, seg=0.7352, domain=0.4968, align=0.0000, stats_align=0.0000, dom_acc=1.000, fg_frac=0.234, label_range=[-1,84], unique_labels=[-1, 2, 3, 4, 5, 6, 7, 8, 9, 10, 12, 13]..., domain_counts=d0=2, grad_norm=2.769e+00, seg_grad=2.522e+00, tex_grad=3.406e-01, stats_grad=1.133e-01, enc_grad=1.040e-02, dom_grad=1.086e+00, pred_conf=0.637±0.250, pred_entropy=1.429, prob_range=[0.000,1.000], fg_match=0.856, top_preds=[(83, 685797), (82, 264136), (46, 176831), (79, 154595), (84, 121574)], dom_logits={'mean': 0.001739501953125, 'std': 0.23795174062252045, 'max': 0.29638671875, 'min': -0.32080078125, 'margin': 0.2171187698841095}
2025-11-09 07:16:59 [rank 0] step 0400: total=2.0528, seg=1.6626, domain=0.7960, align=0.0002, stats_align=0.0013, dom_acc=0.500, fg_frac=0.143, label_range=[-1,84], unique_labels=[-1, 0, 1, 2, 3, 4, 5, 6, 7, 8, 9, 10]..., domain_counts=d0=1, d1=1, grad_norm=7.129e+00, seg_grad=7.061e+00, tex_grad=2.856e-01, stats_grad=4.074e-02, enc_grad=6.464e-03, dom_grad=9.351e-01, pred_conf=0.537±0.262, pred_entropy=1.763, prob_range=[0.000,1.000], fg_match=0.394, top_preds=[(83, 461980), (82, 374801), (36, 226960), (84, 160892), (46, 131183)], dom_logits={'mean': -0.004974365234375, 'std': 0.2998446226119995, 'max': 0.319580078125, 'min': -0.384033203125, 'margin': 0.28370046615600586}
2025-11-09 07:17:04 [rank 0] finished train_epoch
2025-11-09 07:17:04 [rank 0] epoch 8 train summary -> total=1.2014, seg=0.8824, domain=0.6507, align=0.0005, stats=0.0010, dom_acc=0.728, batches=426
2025-11-09 07:17:04 [rank 0] epoch 8 parameter stats -> seg_rms=2.2447e-02 (Δ1.98e-05), domain_rms=9.8805e-02 (Δ2.20e-06), texproj_rms=6.4544e-02 (Δ3.25e-04), statsproj_rms=1.3122e-01 (Δ5.87e-04), encoder_rms=3.3517e-02 (Δ2.79e-04)
2025-11-09 07:17:04 [rank 0] checking should_stop
2025-11-09 07:17:04 [rank 0] should_stop -> False
2025-11-09 07:17:04 [rank 0] before can_run_validation decision
2025-11-09 07:17:04 [rank 0] after can_run_validation -> True
2025-11-09 07:17:04 [rank 0] starting validation on main rank
2025-11-09 07:17:06 [rank 0] val-step 001: loss=0.8881, fg_frac=0.780, label_range=[-1,86], unique_labels=[-1, 0, 1, 2, 3, 4, 5, 6, 7, 8, 9, 10]..., pred_conf=0.606±0.219, pred_entropy=1.326, prob_range=[0.000,1.000], fg_match=0.495, top_preds=[(83, 135070), (82, 123749), (78, 55676), (35, 55571), (37, 52474)]
2025-11-09 07:17:06 [rank 0] val-step 002: loss=0.9191, fg_frac=0.752, label_range=[-1,86], unique_labels=[-1, 0, 1, 2, 3, 4, 5, 6, 7, 8, 9, 10]..., pred_conf=0.634±0.218, pred_entropy=1.229, prob_range=[0.000,1.000], fg_match=0.470, top_preds=[(83, 159618), (82, 125161), (78, 55440), (35, 49339), (80, 47135)]
2025-11-09 07:17:07 [rank 0] finished validation on main rank
2025-11-09 07:17:07 [rank 0] epoch 8 val summary -> loss=0.9418, dice=0.0206, duration=2.73s
2025-11-09 07:17:07 [rank 0] scheduler stepped
2025-11-09 07:17:07 [rank 0] epoch 8 lr=4.980287e-05, remaining=96.34 min (avg train=1.97, avg val=0.05)
2025-11-09 07:17:07 [rank 0] metrics logged and best model check complete
2025-11-09 07:17:07 [rank 0] epoch loop completed
2025-11-09 07:17:07 [rank 0] before can_start_epoch decision
2025-11-09 07:17:07 [rank 0] after can_start_epoch decision -> True
2025-11-09 07:17:07 [rank 0] starting train_epoch
2025-11-09 07:17:29 [rank 0] step 0050: total=1.1862, seg=0.7914, domain=0.7031, align=0.0023, stats_align=0.0045, dom_acc=0.500, fg_frac=0.539, label_range=[-1,84], unique_labels=[-1, 0, 1, 4, 5, 6, 8, 9, 10, 11, 12, 14]..., domain_counts=d0=1, d1=1, grad_norm=3.379e+00, seg_grad=3.062e+00, tex_grad=5.026e-01, stats_grad=8.454e-02, enc_grad=1.101e-02, dom_grad=1.334e+00, pred_conf=0.646±0.225, pred_entropy=1.304, prob_range=[0.000,1.000], fg_match=0.769, top_preds=[(83, 431129), (82, 327002), (84, 165453), (79, 119659), (78, 104183)], dom_logits={'mean': -0.0431671142578125, 'std': 0.2186729907989502, 'max': 0.26123046875, 'min': -0.33056640625, 'margin': 0.1901337057352066}
2025-11-09 07:17:39 [rank 0] step 0100: total=0.9031, seg=0.5873, domain=0.5640, align=0.0000, stats_align=0.0000, dom_acc=1.000, fg_frac=0.669, label_range=[-1,86], unique_labels=[-1, 0, 2, 4, 6, 8, 10, 11, 12, 14, 16, 18]..., domain_counts=d0=2, grad_norm=2.453e+00, seg_grad=1.074e+00, tex_grad=6.525e-01, stats_grad=1.056e-01, enc_grad=1.368e-02, dom_grad=2.104e+00, pred_conf=0.779±0.238, pred_entropy=0.859, prob_range=[0.000,1.000], fg_match=0.889, top_preds=[(83, 298883), (82, 234965), (80, 143479), (37, 130670), (84, 72787)], dom_logits={'mean': 0.0255126953125, 'std': 0.14591515064239502, 'max': 0.2261962890625, 'min': -0.11383056640625, 'margin': 0.13829055428504944}
2025-11-09 07:17:49 [rank 0] step 0150: total=1.1180, seg=0.6543, domain=0.8276, align=0.0005, stats_align=0.0010, dom_acc=0.500, fg_frac=0.519, label_range=[-1,86], unique_labels=[-1, 0, 1, 2, 3, 4, 5, 6, 8, 9, 10, 12]..., domain_counts=d0=1, d1=1, grad_norm=3.828e+00, seg_grad=3.604e+00, tex_grad=4.392e-01, stats_grad=1.011e-01, enc_grad=8.621e-03, dom_grad=1.211e+00, pred_conf=0.666±0.248, pred_entropy=1.300, prob_range=[0.000,1.000], fg_match=0.864, top_preds=[(83, 394821), (82, 285208), (79, 259025), (36, 131400), (84, 118920)], dom_logits={'mean': -0.172332763671875, 'std': 0.29501932859420776, 'max': 0.09600830078125, 'min': -0.623046875, 'margin': 0.2555577754974365}
2025-11-09 07:17:58 [rank 0] step 0200: total=1.7574, seg=1.2580, domain=0.8903, align=0.0006, stats_align=0.0044, dom_acc=0.500, fg_frac=0.258, label_range=[-1,86], unique_labels=[-1, 0, 1, 2, 3, 4, 5, 6, 7, 8, 9, 10]..., domain_counts=d0=1, d1=1, grad_norm=9.089e+00, seg_grad=8.946e+00, tex_grad=3.847e-01, stats_grad=8.206e-02, enc_grad=8.114e-03, dom_grad=1.557e+00, pred_conf=0.475±0.271, pred_entropy=2.070, prob_range=[0.000,1.000], fg_match=0.550, top_preds=[(83, 435594), (82, 406482), (84, 157251), (36, 108312), (79, 91904)], dom_logits={'mean': -0.224517822265625, 'std': 0.43106019496917725, 'max': 0.2083740234375, 'min': -0.82861328125, 'margin': 0.38249337673187256}
2025-11-09 07:18:08 [rank 0] step 0250: total=1.7168, seg=1.2589, domain=0.8154, align=0.0013, stats_align=0.0066, dom_acc=0.500, fg_frac=0.401, label_range=[-1,85], unique_labels=[-1, 1, 8, 9, 11, 13, 14, 15, 16, 17, 18, 19]..., domain_counts=d0=1, d1=1, grad_norm=1.291e+01, seg_grad=1.282e+01, tex_grad=4.309e-01, stats_grad=6.245e-02, enc_grad=1.360e-02, dom_grad=1.440e+00, pred_conf=0.571±0.264, pred_entropy=1.558, prob_range=[0.000,1.000], fg_match=0.551, top_preds=[(83, 344217), (82, 309624), (84, 184062), (46, 88801), (21, 82980)], dom_logits={'mean': -0.1663970947265625, 'std': 0.30193594098091125, 'max': 0.11474609375, 'min': -0.6064453125, 'margin': 0.2711668610572815}
2025-11-09 07:18:18 [rank 0] step 0300: total=0.9078, seg=0.6443, domain=0.4705, align=0.0000, stats_align=0.0000, dom_acc=1.000, fg_frac=0.953, label_range=[-1,86], unique_labels=[-1, 0, 1, 3, 8, 9, 10, 11, 12, 13, 14, 15]..., domain_counts=d0=2, grad_norm=3.259e+00, seg_grad=2.778e+00, tex_grad=5.075e-01, stats_grad=1.392e-01, enc_grad=1.085e-02, dom_grad=1.620e+00, pred_conf=0.787±0.199, pred_entropy=0.756, prob_range=[0.000,1.000], fg_match=0.777, top_preds=[(80, 145715), (81, 136886), (38, 136253), (82, 134597), (37, 102413)], dom_logits={'mean': -0.116485595703125, 'std': 0.2659131586551666, 'max': 0.212646484375, 'min': -0.43359375, 'margin': 0.2510964274406433}
2025-11-09 07:18:28 [rank 0] step 0350: total=1.2172, seg=0.7200, domain=0.8865, align=0.0016, stats_align=0.0031, dom_acc=0.500, fg_frac=0.584, label_range=[-1,86], unique_labels=[-1, 0, 1, 2, 3, 4, 5, 6, 8, 9, 10, 11]..., domain_counts=d0=1, d1=1, grad_norm=3.700e+00, seg_grad=3.425e+00, tex_grad=3.650e-01, stats_grad=7.092e-02, enc_grad=7.876e-03, dom_grad=1.350e+00, pred_conf=0.705±0.259, pred_entropy=1.078, prob_range=[0.000,1.000], fg_match=0.802, top_preds=[(83, 390525), (82, 272582), (46, 109441), (84, 104644), (16, 78782)], dom_logits={'mean': -0.058258056640625, 'std': 0.3279970586299896, 'max': 0.3525390625, 'min': -0.52001953125, 'margin': 0.28137266635894775}
2025-11-09 07:18:38 [rank 0] step 0400: total=0.8522, seg=0.5186, domain=0.5957, align=0.0000, stats_align=0.0000, dom_acc=1.000, fg_frac=0.756, label_range=[-1,86], unique_labels=[-1, 0, 2, 3, 4, 5, 6, 7, 8, 10, 11, 12]..., domain_counts=d0=2, grad_norm=1.749e+00, seg_grad=8.295e-01, tex_grad=5.104e-01, stats_grad=1.329e-01, enc_grad=1.643e-02, dom_grad=1.447e+00, pred_conf=0.820±0.201, pred_entropy=0.694, prob_range=[0.000,1.000], fg_match=0.930, top_preds=[(83, 259789), (82, 251568), (79, 164488), (78, 152759), (36, 103770)], dom_logits={'mean': -0.05431365966796875, 'std': 0.10280923545360565, 'max': 0.053192138671875, 'min': -0.162841796875, 'margin': 0.10230663418769836}
2025-11-09 07:18:43 [rank 0] finished train_epoch
2025-11-09 07:18:43 [rank 0] epoch 9 train summary -> total=1.2267, seg=0.8540, domain=0.6651, align=0.0005, stats=0.0010, dom_acc=0.729, batches=426
2025-11-09 07:18:43 [rank 0] epoch 9 parameter stats -> seg_rms=2.2467e-02 (Δ2.02e-05), domain_rms=9.8666e-02 (Δ-1.39e-04), texproj_rms=6.4749e-02 (Δ2.06e-04), statsproj_rms=1.3180e-01 (Δ5.75e-04), encoder_rms=3.3468e-02 (Δ-4.82e-05)
2025-11-09 07:18:43 [rank 0] checking should_stop
2025-11-09 07:18:43 [rank 0] should_stop -> False
2025-11-09 07:18:43 [rank 0] before can_run_validation decision
2025-11-09 07:18:43 [rank 0] after can_run_validation -> True
2025-11-09 07:18:43 [rank 0] starting validation on main rank
2025-11-09 07:18:45 [rank 0] val-step 001: loss=0.7635, fg_frac=0.780, label_range=[-1,86], unique_labels=[-1, 0, 1, 2, 3, 4, 5, 6, 7, 8, 9, 10]..., pred_conf=0.677±0.214, pred_entropy=1.059, prob_range=[0.000,1.000], fg_match=0.652, top_preds=[(83, 149287), (82, 133915), (79, 64041), (36, 41971), (37, 33924)]
2025-11-09 07:18:45 [rank 0] val-step 002: loss=0.6095, fg_frac=0.752, label_range=[-1,86], unique_labels=[-1, 0, 1, 2, 3, 4, 5, 6, 7, 8, 9, 10]..., pred_conf=0.703±0.208, pred_entropy=0.996, prob_range=[0.000,1.000], fg_match=0.766, top_preds=[(83, 169641), (82, 125401), (78, 55486), (79, 50313), (35, 43381)]
2025-11-09 07:18:45 [rank 0] finished validation on main rank
2025-11-09 07:18:45 [rank 0] epoch 9 val summary -> loss=0.8982, dice=0.0217, duration=2.73s
2025-11-09 07:18:45 [rank 0] scheduler stepped
2025-11-09 07:18:45 [rank 0] epoch 9 lr=4.975059e-05, remaining=94.70 min (avg train=1.92, avg val=0.06)
2025-11-09 07:18:45 [rank 0] metrics logged and best model check complete
2025-11-09 07:18:45 [rank 0] epoch loop completed
2025-11-09 07:18:45 [rank 0] before can_start_epoch decision
2025-11-09 07:18:45 [rank 0] after can_start_epoch decision -> True
2025-11-09 07:18:45 [rank 0] starting train_epoch
2025-11-09 07:19:08 [rank 0] step 0050: total=1.7395, seg=1.4327, domain=0.4869, align=0.0000, stats_align=0.0000, dom_acc=1.000, fg_frac=0.235, label_range=[-1,85], unique_labels=[-1, 1, 3, 9, 11, 13, 15, 17, 18, 19, 20, 21]..., domain_counts=d0=2, grad_norm=5.178e+00, seg_grad=4.849e+00, tex_grad=5.928e-01, stats_grad=1.562e-01, enc_grad=1.425e-02, dom_grad=1.708e+00, pred_conf=0.510±0.269, pred_entropy=1.869, prob_range=[0.000,1.000], fg_match=0.314, top_preds=[(82, 442870), (83, 376545), (35, 210651), (84, 142351), (36, 95618)], dom_logits={'mean': -0.007171630859375, 'std': 0.23480939865112305, 'max': 0.2415771484375, 'min': -0.274658203125, 'margin': 0.2291448712348938}
2025-11-09 07:19:17 [rank 0] step 0100: total=1.5401, seg=1.0640, domain=0.7551, align=0.0006, stats_align=0.0016, dom_acc=0.500, fg_frac=0.654, label_range=[-1,86], unique_labels=[-1, 0, 1, 2, 3, 4, 5, 6, 7, 8, 9, 10]..., domain_counts=d0=1, d1=1, grad_norm=4.821e+00, seg_grad=4.629e+00, tex_grad=4.895e-01, stats_grad=1.376e-01, enc_grad=2.142e-02, dom_grad=1.246e+00, pred_conf=0.638±0.241, pred_entropy=1.237, prob_range=[0.000,1.000], fg_match=0.687, top_preds=[(83, 393913), (82, 268403), (79, 128792), (81, 114071), (38, 94211)], dom_logits={'mean': -0.00958251953125, 'std': 0.3041178584098816, 'max': 0.30126953125, 'min': -0.3388671875, 'margin': 0.294464111328125}
2025-11-09 07:19:27 [rank 0] step 0150: total=0.9988, seg=0.6980, domain=0.4775, align=0.0000, stats_align=0.0000, dom_acc=1.000, fg_frac=0.498, label_range=[-1,86], unique_labels=[-1, 1, 8, 9, 11, 13, 14, 15, 16, 17, 18, 19]..., domain_counts=d0=2, grad_norm=3.481e+00, seg_grad=3.020e+00, tex_grad=5.567e-01, stats_grad=1.017e-01, enc_grad=9.817e-03, dom_grad=1.636e+00, pred_conf=0.655±0.265, pred_entropy=1.273, prob_range=[0.000,1.000], fg_match=0.758, top_preds=[(82, 304806), (83, 289200), (84, 158720), (80, 112801), (35, 81664)], dom_logits={'mean': 0.09039306640625, 'std': 0.2461700290441513, 'max': 0.360595703125, 'min': -0.1578369140625, 'margin': 0.2406834065914154}
2025-11-09 07:19:37 [rank 0] step 0200: total=1.5510, seg=1.0553, domain=0.7858, align=0.0013, stats_align=0.0026, dom_acc=0.500, fg_frac=0.317, label_range=[-1,84], unique_labels=[-1, 10, 16, 17, 20, 21, 22, 23, 24, 26, 28, 30]..., domain_counts=d0=1, d1=1, grad_norm=4.692e+00, seg_grad=4.412e+00, tex_grad=4.960e-01, stats_grad=6.488e-02, enc_grad=8.023e-03, dom_grad=1.515e+00, pred_conf=0.563±0.261, pred_entropy=1.592, prob_range=[0.000,1.000], fg_match=0.303, top_preds=[(83, 381038), (82, 360309), (84, 181728), (35, 170078), (78, 140754)], dom_logits={'mean': 0.061737060546875, 'std': 0.33003056049346924, 'max': 0.423828125, 'min': -0.386474609375, 'margin': 0.303888201713562}
2025-11-09 07:19:47 [rank 0] step 0250: total=0.9778, seg=0.7068, domain=0.4301, align=0.0000, stats_align=0.0000, dom_acc=1.000, fg_frac=0.137, label_range=[-1,83], unique_labels=[-1, 16, 17, 21, 22, 25, 26, 28, 31, 32, 35, 36]..., domain_counts=d0=2, grad_norm=2.267e+00, seg_grad=1.457e+00, tex_grad=6.176e-01, stats_grad=1.353e-01, enc_grad=1.341e-02, dom_grad=1.618e+00, pred_conf=0.460±0.287, pred_entropy=2.113, prob_range=[0.000,1.000], fg_match=0.914, top_preds=[(82, 414820), (83, 345715), (84, 155483), (22, 120252), (79, 97656)], dom_logits={'mean': 0.06341552734375, 'std': 0.31780993938446045, 'max': 0.462646484375, 'min': -0.253173828125, 'margin': 0.3015206456184387}
2025-11-09 07:19:57 [rank 0] step 0300: total=0.7727, seg=0.4932, domain=0.4436, align=0.0000, stats_align=0.0000, dom_acc=1.000, fg_frac=0.915, label_range=[-1,86], unique_labels=[-1, 0, 1, 2, 3, 4, 5, 6, 8, 9, 10, 12]..., domain_counts=d0=2, grad_norm=2.124e+00, seg_grad=9.963e-01, tex_grad=6.584e-01, stats_grad=1.515e-01, enc_grad=1.531e-02, dom_grad=1.750e+00, pred_conf=0.853±0.161, pred_entropy=0.542, prob_range=[0.000,1.000], fg_match=0.913, top_preds=[(82, 244254), (79, 190122), (83, 152344), (78, 128266), (36, 120932)], dom_logits={'mean': 0.018035888671875, 'std': 0.30519065260887146, 'max': 0.415771484375, 'min': -0.319091796875, 'margin': 0.2852504849433899}
2025-11-09 07:20:07 [rank 0] step 0350: total=1.3124, seg=0.8116, domain=0.7944, align=0.0004, stats_align=0.0013, dom_acc=0.500, fg_frac=0.358, label_range=[-1,86], unique_labels=[-1, 0, 1, 2, 3, 4, 5, 6, 7, 8, 9, 10]..., domain_counts=d0=1, d1=1, grad_norm=5.357e+00, seg_grad=5.127e+00, tex_grad=6.183e-01, stats_grad=5.827e-02, enc_grad=1.027e-02, dom_grad=1.426e+00, pred_conf=0.606±0.264, pred_entropy=1.507, prob_range=[0.000,1.000], fg_match=0.766, top_preds=[(83, 476775), (82, 354053), (35, 138203), (84, 106172), (79, 87378)], dom_logits={'mean': 0.01275634765625, 'std': 0.3439094126224518, 'max': 0.38037109375, 'min': -0.387939453125, 'margin': 0.327604204416275}
2025-11-09 07:20:16 [rank 0] step 0400: total=1.2677, seg=0.7483, domain=0.8229, align=0.0024, stats_align=0.0029, dom_acc=0.500, fg_frac=0.361, label_range=[-1,86], unique_labels=[-1, 0, 1, 2, 3, 4, 5, 6, 7, 8, 9, 10]..., domain_counts=d0=1, d1=1, grad_norm=4.529e+00, seg_grad=4.128e+00, tex_grad=7.914e-01, stats_grad=1.071e-01, enc_grad=1.521e-02, dom_grad=1.684e+00, pred_conf=0.581±0.260, pred_entropy=1.593, prob_range=[0.000,1.000], fg_match=0.798, top_preds=[(83, 551918), (82, 373229), (84, 124405), (79, 115119), (78, 78568)], dom_logits={'mean': 0.00653076171875, 'std': 0.31594011187553406, 'max': 0.3525390625, 'min': -0.416259765625, 'margin': 0.2920876741409302}
2025-11-09 07:20:21 [rank 0] finished train_epoch
2025-11-09 07:20:21 [rank 0] epoch 10 train summary -> total=1.2849, seg=0.8854, domain=0.6336, align=0.0004, stats=0.0010, dom_acc=0.728, batches=426
2025-11-09 07:20:21 [rank 0] epoch 10 parameter stats -> seg_rms=2.2496e-02 (Δ2.88e-05), domain_rms=9.8618e-02 (Δ-4.80e-05), texproj_rms=6.4999e-02 (Δ2.50e-04), statsproj_rms=1.3234e-01 (Δ5.39e-04), encoder_rms=3.3553e-02 (Δ8.46e-05)
2025-11-09 07:20:21 [rank 0] checking should_stop
2025-11-09 07:20:21 [rank 0] should_stop -> False
2025-11-09 07:20:21 [rank 0] before can_run_validation decision
2025-11-09 07:20:21 [rank 0] after can_run_validation -> True
2025-11-09 07:20:21 [rank 0] starting validation on main rank
2025-11-09 07:20:23 [rank 0] val-step 001: loss=0.6718, fg_frac=0.780, label_range=[-1,86], unique_labels=[-1, 0, 1, 2, 3, 4, 5, 6, 7, 8, 9, 10]..., pred_conf=0.656±0.215, pred_entropy=1.122, prob_range=[0.000,1.000], fg_match=0.714, top_preds=[(83, 147836), (82, 125022), (80, 54071), (78, 51930), (37, 49937)]
2025-11-09 07:20:23 [rank 0] val-step 002: loss=0.7317, fg_frac=0.752, label_range=[-1,86], unique_labels=[-1, 0, 1, 2, 3, 4, 5, 6, 7, 8, 9, 10]..., pred_conf=0.662±0.217, pred_entropy=1.086, prob_range=[0.000,1.000], fg_match=0.632, top_preds=[(83, 174570), (82, 119606), (78, 74934), (35, 59260), (80, 53030)]
2025-11-09 07:20:24 [rank 0] finished validation on main rank
2025-11-09 07:20:24 [rank 0] epoch 10 val summary -> loss=0.7806, dice=0.0271, duration=2.71s
2025-11-09 07:20:24 [rank 0] scheduler stepped
2025-11-09 07:20:24 [rank 0] epoch 10 lr=4.969221e-05, remaining=93.06 min (avg train=1.92, avg val=0.05)
2025-11-09 07:20:24 [rank 0] metrics logged and best model check complete
2025-11-09 07:20:25 [rank 0] epoch loop completed
2025-11-09 07:20:25 [rank 0] before can_start_epoch decision
2025-11-09 07:20:25 [rank 0] after can_start_epoch decision -> True
2025-11-09 07:20:25 [rank 0] starting train_epoch
2025-11-09 07:20:48 [rank 0] step 0050: total=1.2310, seg=0.6602, domain=0.8149, align=0.0011, stats_align=0.0009, dom_acc=0.500, fg_frac=0.509, label_range=[-1,86], unique_labels=[-1, 0, 1, 2, 3, 4, 5, 6, 7, 8, 9, 10]..., domain_counts=d0=1, d1=1, grad_norm=2.910e+00, seg_grad=2.112e+00, tex_grad=8.547e-01, stats_grad=1.173e-01, enc_grad=1.689e-02, dom_grad=1.806e+00, pred_conf=0.656±0.258, pred_entropy=1.245, prob_range=[0.000,1.000], fg_match=0.805, top_preds=[(83, 443458), (82, 337313), (78, 132772), (84, 80015), (35, 73149)], dom_logits={'mean': 0.12969970703125, 'std': 0.3817402720451355, 'max': 0.52294921875, 'min': -0.333251953125, 'margin': 0.35896486043930054}
2025-11-09 07:20:57 [rank 0] step 0100: total=1.0447, seg=0.6648, domain=0.5427, align=0.0000, stats_align=0.0000, dom_acc=1.000, fg_frac=0.337, label_range=[-1,83], unique_labels=[-1, 1, 9, 13, 15, 16, 17, 18, 21, 25, 27, 31]..., domain_counts=d0=2, grad_norm=3.017e+00, seg_grad=1.902e+00, tex_grad=1.052e+00, stats_grad=2.052e-01, enc_grad=2.893e-02, dom_grad=2.082e+00, pred_conf=0.638±0.276, pred_entropy=1.363, prob_range=[0.000,1.000], fg_match=0.914, top_preds=[(83, 457263), (82, 348697), (79, 142734), (84, 130110), (17, 118260)], dom_logits={'mean': 0.33597564697265625, 'std': 0.18605820834636688, 'max': 0.52490234375, 'min': 0.054351806640625, 'margin': 0.16430844366550446}
2025-11-09 07:21:07 [rank 0] step 0150: total=1.2172, seg=0.6832, domain=0.7625, align=0.0005, stats_align=0.0007, dom_acc=0.500, fg_frac=0.557, label_range=[-1,86], unique_labels=[-1, 0, 1, 2, 3, 4, 5, 6, 7, 8, 9, 10]..., domain_counts=d0=1, d1=1, grad_norm=4.081e+00, seg_grad=3.842e+00, tex_grad=7.660e-01, stats_grad=2.844e-01, enc_grad=1.940e-02, dom_grad=1.107e+00, pred_conf=0.640±0.250, pred_entropy=1.272, prob_range=[0.000,1.000], fg_match=0.800, top_preds=[(82, 357376), (83, 325797), (81, 143528), (38, 138515), (84, 99474)], dom_logits={'mean': 0.24495887756347656, 'std': 0.1677107810974121, 'max': 0.435302734375, 'min': 0.01059722900390625, 'margin': 0.154913991689682}
2025-11-09 07:21:17 [rank 0] step 0200: total=1.0726, seg=0.6931, domain=0.5422, align=0.0000, stats_align=0.0000, dom_acc=1.000, fg_frac=0.480, label_range=[-1,84], unique_labels=[-1, 7, 19, 31, 32, 33, 34, 35, 36, 37, 38, 39]..., domain_counts=d0=2, grad_norm=2.866e+00, seg_grad=1.717e+00, tex_grad=8.868e-01, stats_grad=1.648e-01, enc_grad=2.457e-02, dom_grad=2.111e+00, pred_conf=0.638±0.270, pred_entropy=1.327, prob_range=[0.000,1.000], fg_match=0.899, top_preds=[(82, 379356), (83, 378667), (79, 161939), (36, 143489), (84, 137343)], dom_logits={'mean': 0.0372467041015625, 'std': 0.16868215799331665, 'max': 0.252197265625, 'min': -0.134765625, 'margin': 0.16323332488536835}
2025-11-09 07:21:27 [rank 0] step 0250: total=1.0480, seg=0.6572, domain=0.5583, align=0.0000, stats_align=0.0000, dom_acc=1.000, fg_frac=0.196, label_range=[-1,83], unique_labels=[-1, 0, 1, 2, 3, 4, 5, 7, 8, 9, 11, 13]..., domain_counts=d0=2, grad_norm=2.606e+00, seg_grad=1.463e+00, tex_grad=8.207e-01, stats_grad=1.389e-01, enc_grad=1.935e-02, dom_grad=1.989e+00, pred_conf=0.560±0.266, pred_entropy=1.705, prob_range=[0.000,1.000], fg_match=0.906, top_preds=[(83, 498513), (82, 290751), (35, 171655), (84, 148700), (78, 126635)], dom_logits={'mean': -0.10244369506835938, 'std': 0.14758524298667908, 'max': 0.0694580078125, 'min': -0.26904296875, 'margin': 0.14456388354301453}
2025-11-09 07:21:37 [rank 0] step 0300: total=0.9112, seg=0.5610, domain=0.5002, align=0.0000, stats_align=0.0000, dom_acc=1.000, fg_frac=0.460, label_range=[-1,86], unique_labels=[-1, 0, 1, 2, 3, 4, 5, 6, 7, 8, 9, 10]..., domain_counts=d0=2, grad_norm=2.635e+00, seg_grad=1.523e+00, tex_grad=7.655e-01, stats_grad=1.466e-01, enc_grad=2.070e-02, dom_grad=2.004e+00, pred_conf=0.683±0.276, pred_entropy=1.204, prob_range=[0.000,1.000], fg_match=0.899, top_preds=[(83, 359965), (82, 310277), (84, 120576), (16, 87306), (22, 85071)], dom_logits={'mean': -0.23150634765625, 'std': 0.2217099666595459, 'max': 0.0504150390625, 'min': -0.453125, 'margin': 0.2132730334997177}
2025-11-09 07:21:47 [rank 0] step 0350: total=0.8620, seg=0.5468, domain=0.4503, align=0.0000, stats_align=0.0000, dom_acc=1.000, fg_frac=0.622, label_range=[-1,86], unique_labels=[-1, 0, 2, 4, 6, 8, 10, 12, 14, 16, 18, 20]..., domain_counts=d0=2, grad_norm=2.331e+00, seg_grad=1.147e+00, tex_grad=6.694e-01, stats_grad=1.283e-01, enc_grad=1.657e-02, dom_grad=1.911e+00, pred_conf=0.799±0.239, pred_entropy=0.738, prob_range=[0.000,1.000], fg_match=0.922, top_preds=[(82, 279677), (83, 275607), (79, 165653), (36, 139079), (84, 128846)], dom_logits={'mean': -0.16668701171875, 'std': 0.28435662388801575, 'max': 0.15380859375, 'min': -0.4716796875, 'margin': 0.27512919902801514}
2025-11-09 07:21:56 [rank 0] step 0400: total=1.4834, seg=1.2145, domain=0.3840, align=0.0000, stats_align=0.0000, dom_acc=1.000, fg_frac=0.324, label_range=[-1,86], unique_labels=[-1, 0, 1, 2, 3, 4, 5, 6, 7, 8, 9, 10]..., domain_counts=d0=2, grad_norm=4.348e+00, seg_grad=3.924e+00, tex_grad=6.193e-01, stats_grad=1.111e-01, enc_grad=1.482e-02, dom_grad=1.764e+00, pred_conf=0.637±0.281, pred_entropy=1.405, prob_range=[0.000,1.000], fg_match=0.742, top_preds=[(83, 432824), (82, 352264), (79, 116992), (84, 111503), (16, 85425)], dom_logits={'mean': -0.1182861328125, 'std': 0.3802274763584137, 'max': 0.268798828125, 'min': -0.52978515625, 'margin': 0.36224067211151123}
2025-11-09 07:22:01 [rank 0] finished train_epoch
2025-11-09 07:22:01 [rank 0] epoch 11 train summary -> total=1.2990, seg=0.8508, domain=0.6398, align=0.0006, stats=0.0011, dom_acc=0.728, batches=426
2025-11-09 07:22:01 [rank 0] epoch 11 parameter stats -> seg_rms=2.2516e-02 (Δ1.94e-05), domain_rms=9.8556e-02 (Δ-6.21e-05), texproj_rms=6.5294e-02 (Δ2.95e-04), statsproj_rms=1.3271e-01 (Δ3.73e-04), encoder_rms=3.3806e-02 (Δ2.53e-04)
2025-11-09 07:22:01 [rank 0] checking should_stop
2025-11-09 07:22:01 [rank 0] should_stop -> False
2025-11-09 07:22:01 [rank 0] before can_run_validation decision
2025-11-09 07:22:01 [rank 0] after can_run_validation -> True
2025-11-09 07:22:01 [rank 0] starting validation on main rank
2025-11-09 07:22:03 [rank 0] val-step 001: loss=0.7053, fg_frac=0.780, label_range=[-1,86], unique_labels=[-1, 0, 1, 2, 3, 4, 5, 6, 7, 8, 9, 10]..., pred_conf=0.640±0.216, pred_entropy=1.209, prob_range=[0.000,1.000], fg_match=0.725, top_preds=[(83, 136224), (82, 136116), (78, 48089), (79, 48065), (37, 47873)]
2025-11-09 07:22:03 [rank 0] val-step 002: loss=0.7161, fg_frac=0.752, label_range=[-1,86], unique_labels=[-1, 0, 1, 2, 3, 4, 5, 6, 7, 8, 9, 10]..., pred_conf=0.646±0.217, pred_entropy=1.186, prob_range=[0.000,1.000], fg_match=0.697, top_preds=[(83, 163024), (82, 137055), (35, 54857), (78, 54220), (79, 50217)]
2025-11-09 07:22:04 [rank 0] finished validation on main rank
2025-11-09 07:22:04 [rank 0] epoch 11 val summary -> loss=0.8146, dice=0.0254, duration=2.70s
2025-11-09 07:22:04 [rank 0] scheduler stepped
2025-11-09 07:22:04 [rank 0] epoch 11 lr=4.962773e-05, remaining=91.39 min (avg train=1.92, avg val=0.05)
2025-11-09 07:22:04 [rank 0] metrics logged and best model check complete
2025-11-09 07:22:04 [rank 0] epoch loop completed
2025-11-09 07:22:04 [rank 0] before can_start_epoch decision
2025-11-09 07:22:04 [rank 0] after can_start_epoch decision -> True
2025-11-09 07:22:04 [rank 0] starting train_epoch
2025-11-09 07:22:26 [rank 0] step 0050: total=1.8506, seg=0.9735, domain=1.2529, align=0.0000, stats_align=0.0000, dom_acc=0.000, fg_frac=0.246, label_range=[-1,86], unique_labels=[-1, 0, 1, 2, 3, 6, 8, 9, 10, 11, 12, 13]..., domain_counts=d0=0, d1=2, grad_norm=1.173e+01, seg_grad=1.082e+01, tex_grad=1.330e+00, stats_grad=1.637e-01, enc_grad=2.595e-02, dom_grad=4.315e+00, pred_conf=0.564±0.260, pred_entropy=1.620, prob_range=[0.000,1.000], fg_match=0.564, top_preds=[(83, 477728), (82, 345018), (79, 165166), (84, 140040), (78, 92714)], dom_logits={'mean': 0.05230712890625, 'std': 0.47021663188934326, 'max': 0.66064453125, 'min': -0.440673828125, 'margin': 0.4266502261161804}
